2026-01-10T15:04:01.5642231Z,Updating submodules.,505ad089-54fb-4837-9998-da4b96e23463,0
2026-01-10T15:04:02.7199706Z,Preparing deployment for commit id '845a36c1-5'.,cc68ede9-de47-4625-8a3e-a0f5c9b51b7c,0
2026-01-10T15:04:02.9964939Z,PreDeployment: context.CleanOutputPath False,bac4f7e6-a61b-4f60-95f8-999a1e71a23f,0
2026-01-10T15:04:03.0858211Z,PreDeployment: context.OutputPath /home/site/wwwroot,bd2b21de-b03e-475d-81e3-e9889d7c9fd2,0
2026-01-10T15:04:03.2128344Z,Generating deployment script.,c562c4fe-0ee4-45e1-960c-5f82acc59e78,0
2026-01-10T15:04:03.3118032Z,Running deployment command...,14c78c12-e51e-43f4-a0af-ac4482dbf288,0
	2026-01-10T15:04:03.3176494Z,Command: /opt/Kudu/Scripts/parallel_rsync.sh /tmp/zipdeploy/extracted /home/site/wwwroot 8 /tmp/ False True  ,,0
	2026-01-10T15:04:03.3784903Z,Run rsync from: /tmp/zipdeploy/extracted/ to: /home/site/wwwroot/ in 8 parallel threads,,0
	2026-01-10T15:04:03.3946567Z,Delete options: clean=False&comma; use manifest=True&comma; directory to ignore=,,0
	2026-01-10T15:04:03.4076120Z,Prev manifest = /home/site/deployments/fc0d8ed2-c51f-427c-9937-e76f8c4726a0/manifest and next /home/site/deployments/845a36c1-509c-4cff-a490-328374c2b879/manifest,,0
	2026-01-10T15:04:03.4339797Z,Cleaning up /tmp//filelist.txt and /tmp//splits,,0
	2026-01-10T15:04:03.4658968Z,Creating a list of all files at /tmp//filelist.txt,,0
	2026-01-10T15:04:03.4884024Z,No directory to exclude.,,0
	2026-01-10T15:04:03.5201100Z,Created /tmp//filelist.txt. Total number of files to be synced = 35.,,0
	2026-01-10T15:04:03.5281019Z,Created batches from the list of files. Processing 5 files in each thread,,0
	2026-01-10T15:04:03.5338400Z,Running rsync for filelist /tmp//splits/split.aa from /tmp/zipdeploy/extracted/ to /home/site/wwwroot/,,0
	2026-01-10T15:04:03.5408376Z,Running rsync for filelist /tmp//splits/split.ab from /tmp/zipdeploy/extracted/ to /home/site/wwwroot/,,0
	2026-01-10T15:04:03.5548086Z,Running rsync for filelist /tmp//splits/split.ac from /tmp/zipdeploy/extracted/ to /home/site/wwwroot/,,0
	2026-01-10T15:04:03.5944915Z,Running rsync for filelist /tmp//splits/split.ad from /tmp/zipdeploy/extracted/ to /home/site/wwwroot/,,0
	2026-01-10T15:04:03.6007583Z,Running rsync for filelist /tmp//splits/split.ae from /tmp/zipdeploy/extracted/ to /home/site/wwwroot/,,0
	2026-01-10T15:04:03.6069863Z,Running rsync for filelist /tmp//splits/split.af from /tmp/zipdeploy/extracted/ to /home/site/wwwroot/,,0
	2026-01-10T15:04:03.6282228Z,Running rsync for filelist /tmp//splits/split.ag from /tmp/zipdeploy/extracted/ to /home/site/wwwroot/,,0
	2026-01-10T15:04:03.6337658Z,,,0
	2026-01-10T15:04:03.6406555Z,Number of files: 5 (reg: 5),,0
	2026-01-10T15:04:03.6475152Z,Number of created files: 0,,0
	2026-01-10T15:04:03.6538566Z,Number of deleted files: 0,,0
	2026-01-10T15:04:03.6623014Z,Number of regular files transferred: 0,,0
	2026-01-10T15:04:03.6693316Z,Total file size: 11.07M bytes,,0
	2026-01-10T15:04:03.6811392Z,Total transferred file size: 0 bytes,,0
	2026-01-10T15:04:03.6929001Z,Literal data: 0 bytes,,0
	2026-01-10T15:04:03.6995030Z,Matched data: 0 bytes,,0
	2026-01-10T15:04:03.7048565Z,File list size: 0,,0
	2026-01-10T15:04:03.7132906Z,File list generation time: 0.001 seconds,,0
	2026-01-10T15:04:03.7182476Z,File list transfer time: 0.000 seconds,,0
	2026-01-10T15:04:03.7234947Z,Total bytes sent: 279,,0
	2026-01-10T15:04:03.7446982Z,Total bytes received: 31,,0
	2026-01-10T15:04:03.7511707Z,,,0
	2026-01-10T15:04:03.7577873Z,sent 279 bytes  received 31 bytes  620.00 bytes/sec,,0
	2026-01-10T15:04:03.7627120Z,total size is 11.07M  speedup is 35&comma;697.05,,0
	2026-01-10T15:04:03.7671702Z,Attempt 1: Rsync for filelist /tmp//splits/split.aa completed with exit code 0,,0
	2026-01-10T15:04:03.7764990Z,,,0
	2026-01-10T15:04:03.7817605Z,Number of files: 5 (reg: 5),,0
	2026-01-10T15:04:03.7866156Z,Number of created files: 0,,0
	2026-01-10T15:04:03.7920458Z,Number of deleted files: 0,,0
	2026-01-10T15:04:03.7997679Z,Number of regular files transferred: 0,,0
	2026-01-10T15:04:03.8049249Z,Total file size: 3.70M bytes,,0
	2026-01-10T15:04:03.8129275Z,Total transferred file size: 0 bytes,,0
	2026-01-10T15:04:03.8179098Z,Literal data: 0 bytes,,0
	2026-01-10T15:04:03.8243913Z,Matched data: 0 bytes,,0
	2026-01-10T15:04:03.8292318Z,File list size: 0,,0
	2026-01-10T15:04:03.8376763Z,File list generation time: 0.001 seconds,,0
	2026-01-10T15:04:03.8504299Z,File list transfer time: 0.000 seconds,,0
	2026-01-10T15:04:03.8563946Z,Total bytes sent: 349,,0
	2026-01-10T15:04:03.8617986Z,Total bytes received: 31,,0
	2026-01-10T15:04:03.8672079Z,,,0
	2026-01-10T15:04:03.8732084Z,sent 349 bytes  received 31 bytes  760.00 bytes/sec,,0
	2026-01-10T15:04:03.8822534Z,total size is 3.70M  speedup is 9&comma;735.24,,0
	2026-01-10T15:04:03.8901227Z,,,0
	2026-01-10T15:04:03.8950088Z,Number of files: 6 (reg: 5&comma; dir: 1),,0
	2026-01-10T15:04:03.8999491Z,Number of created files: 0,,0
	2026-01-10T15:04:03.9047906Z,Number of deleted files: 0,,0
	2026-01-10T15:04:03.9125295Z,Number of regular files transferred: 0,,0
	2026-01-10T15:04:03.9175237Z,Total file size: 303.62K bytes,,0
	2026-01-10T15:04:03.9222009Z,Total transferred file size: 0 bytes,,0
	2026-01-10T15:04:03.9286583Z,Literal data: 0 bytes,,0
	2026-01-10T15:04:03.9338747Z,Matched data: 0 bytes,,0
	2026-01-10T15:04:03.9390245Z,File list size: 0,,0
	2026-01-10T15:04:03.9450832Z,File list generation time: 0.001 seconds,,0
	2026-01-10T15:04:03.9522263Z,File list transfer time: 0.000 seconds,,0
	2026-01-10T15:04:03.9608441Z,Total bytes sent: 289,,0
	2026-01-10T15:04:03.9726946Z,Total bytes received: 34,,0
	2026-01-10T15:04:03.9823451Z,,,0
	2026-01-10T15:04:03.9980985Z,sent 289 bytes  received 34 bytes  646.00 bytes/sec,,0
	2026-01-10T15:04:04.0038408Z,total size is 303.62K  speedup is 939.99,,0
	2026-01-10T15:04:04.0123569Z,Attempt 1: Rsync for filelist /tmp//splits/split.ac completed with exit code 0,,0
	2026-01-10T15:04:04.0233725Z,Attempt 1: Rsync for filelist /tmp//splits/split.ad completed with exit code 0,,0
	2026-01-10T15:04:04.0299282Z,,,0
	2026-01-10T15:04:04.0383273Z,Number of files: 5 (reg: 5),,0
	2026-01-10T15:04:04.0442900Z,Number of created files: 0,,0
	2026-01-10T15:04:04.0519214Z,Number of deleted files: 0,,0
	2026-01-10T15:04:04.0636834Z,Number of regular files transferred: 0,,0
	2026-01-10T15:04:04.0723589Z,Total file size: 1.28M bytes,,0
	2026-01-10T15:04:04.0942400Z,Total transferred file size: 0 bytes,,0
	2026-01-10T15:04:04.1044613Z,Literal data: 0 bytes,,0
	2026-01-10T15:04:04.1166812Z,Matched data: 0 bytes,,0
	2026-01-10T15:04:04.1282287Z,File list size: 0,,0
	2026-01-10T15:04:04.1403168Z,File list generation time: 0.001 seconds,,0
	2026-01-10T15:04:04.1528773Z,File list transfer time: 0.000 seconds,,0
	2026-01-10T15:04:04.1611579Z,Total bytes sent: 262,,0
	2026-01-10T15:04:04.1731771Z,Total bytes received: 31,,0
	2026-01-10T15:04:04.1820166Z,,,0
	2026-01-10T15:04:04.1991918Z,sent 262 bytes  received 31 bytes  586.00 bytes/sec,,0
	2026-01-10T15:04:04.2044077Z,total size is 1.28M  speedup is 4&comma;357.61,,0
	2026-01-10T15:04:04.2096202Z,Attempt 1: Rsync for filelist /tmp//splits/split.ae completed with exit code 0,,0
	2026-01-10T15:04:04.2149908Z,,,0
	2026-01-10T15:04:04.2193879Z,Number of files: 5 (reg: 5),,0
	2026-01-10T15:04:04.2255339Z,Number of created files: 0,,0
	2026-01-10T15:04:04.2334902Z,Number of deleted files: 0,,0
	2026-01-10T15:04:04.2386032Z,Number of regular files transferred: 1,,0
	2026-01-10T15:04:04.2452043Z,Total file size: 1.88M bytes,,0
	2026-01-10T15:04:04.2527178Z,Total transferred file size: 10.52K bytes,,0
	2026-01-10T15:04:04.2628099Z,Literal data: 10.52K bytes,,0
	2026-01-10T15:04:04.2718162Z,Matched data: 0 bytes,,0
	2026-01-10T15:04:04.2808938Z,File list size: 0,,0
	2026-01-10T15:04:04.2872466Z,File list generation time: 0.001 seconds,,0
	2026-01-10T15:04:04.2917614Z,File list transfer time: 0.000 seconds,,0
	2026-01-10T15:04:04.2977541Z,Total bytes sent: 2.75K,,0
	2026-01-10T15:04:04.3044524Z,Total bytes received: 47,,0
	2026-01-10T15:04:04.3129554Z,,,0
	2026-01-10T15:04:04.3177999Z,sent 2.75K bytes  received 47 bytes  5.60K bytes/sec,,0
	2026-01-10T15:04:04.3228636Z,total size is 1.88M  speedup is 671.85,,0
	2026-01-10T15:04:04.3284226Z,Attempt 1: Rsync for filelist /tmp//splits/split.ab completed with exit code 0,,0
	2026-01-10T15:04:04.3331700Z,,,0
	2026-01-10T15:04:04.3421908Z,Number of files: 5 (reg: 5),,0
	2026-01-10T15:04:04.3482417Z,Number of created files: 0,,0
	2026-01-10T15:04:04.3570135Z,Number of deleted files: 0,,0
	2026-01-10T15:04:04.3618998Z,Number of regular files transferred: 1,,0
	2026-01-10T15:04:04.4002331Z,Total file size: 1.09M bytes,,0
	2026-01-10T15:04:04.4098670Z,Total transferred file size: 54.78K bytes,,0
	2026-01-10T15:04:04.4198706Z,Literal data: 54.78K bytes,,0
	2026-01-10T15:04:04.4307197Z,Matched data: 0 bytes,,0
	2026-01-10T15:04:04.4376973Z,File list size: 0,,0
	2026-01-10T15:04:04.4446756Z,File list generation time: 0.001 seconds,,0
	2026-01-10T15:04:04.4557986Z,File list transfer time: 0.000 seconds,,0
	2026-01-10T15:04:04.4608332Z,Total bytes sent: 20.71K,,0
	2026-01-10T15:04:04.4652696Z,Total bytes received: 47,,0
	2026-01-10T15:04:04.4710821Z,,,0
	2026-01-10T15:04:04.4754284Z,sent 20.71K bytes  received 47 bytes  41.52K bytes/sec,,0
	2026-01-10T15:04:04.4806283Z,total size is 1.09M  speedup is 52.32,,0
	2026-01-10T15:04:04.4852928Z,Attempt 1: Rsync for filelist /tmp//splits/split.ag completed with exit code 0,,0
	2026-01-10T15:04:04.4896002Z,,,0
	2026-01-10T15:04:04.4944338Z,Number of files: 5 (reg: 5),,0
	2026-01-10T15:04:04.5002766Z,Number of created files: 0,,0
	2026-01-10T15:04:04.5051427Z,Number of deleted files: 0,,0
	2026-01-10T15:04:04.5099480Z,Number of regular files transferred: 2,,0
	2026-01-10T15:04:04.5146983Z,Total file size: 164.90K bytes,,0
	2026-01-10T15:04:04.5194189Z,Total transferred file size: 110.36K bytes,,0
	2026-01-10T15:04:04.5281465Z,Literal data: 110.36K bytes,,0
	2026-01-10T15:04:04.5445809Z,Matched data: 0 bytes,,0
	2026-01-10T15:04:04.5500059Z,File list size: 0,,0
	2026-01-10T15:04:04.5551507Z,File list generation time: 0.001 seconds,,0
	2026-01-10T15:04:04.5599159Z,File list transfer time: 0.000 seconds,,0
	2026-01-10T15:04:04.5664669Z,Total bytes sent: 52.13K,,0
	2026-01-10T15:04:04.5727276Z,Total bytes received: 63,,0
	2026-01-10T15:04:04.5799553Z,,,0
	2026-01-10T15:04:04.5877772Z,sent 52.13K bytes  received 63 bytes  104.39K bytes/sec,,0
	2026-01-10T15:04:04.5927655Z,total size is 164.90K  speedup is 3.16,,0
	2026-01-10T15:04:04.5984587Z,Attempt 1: Rsync for filelist /tmp//splits/split.af completed with exit code 0,,0
	2026-01-10T15:04:04.6030611Z,Deleting files not present in /tmp/zipdeploy/extracted/ from /home/site/wwwroot/ based on manifest file /home/site/deployments/fc0d8ed2-c51f-427c-9937-e76f8c4726a0/manifest,,0
	2026-01-10T15:04:04.6079985Z,Number of files deleted: 0. See /tmp//rsync_deletion_logs.txt for more details.,,0
	2026-01-10T15:04:04.6128291Z,create new manifest file at /home/site/deployments/845a36c1-509c-4cff-a490-328374c2b879/manifest,,0
	2026-01-10T15:04:04.6178225Z,Completed successfully in 0 seconds,,0
2026-01-10T15:04:04.7419559Z,Running post deployment command(s)...,7ce3c094-7794-4134-a974-04e83321bd2c,0
2026-01-10T15:04:04.8623471Z,Triggering recycle (preview mode disabled).,47253165-8971-404b-a57c-aeec34106b20,0
2026-01-10T15:04:04.9985960Z,Deployment successful. deployer = Push-Deployer deploymentPath = ZipDeploy. Extract zip.,afe952be-3290-4a51-8636-fc39f310d128,0
