2026-01-03T19:29:48.0433463Z,Updating submodules.,528d21e7-cb14-4eac-93c8-324aacce3ece,0
2026-01-03T19:29:49.5011946Z,Preparing deployment for commit id 'ef440999-8'.,ca53dff7-ae03-4612-bd64-4ba0e5d5c21d,0
2026-01-03T19:29:49.8661021Z,PreDeployment: context.CleanOutputPath False,bb7ed1dd-88a9-4986-98a0-af86ce4ee7de,0
2026-01-03T19:29:50.0332192Z,PreDeployment: context.OutputPath /home/site/wwwroot,7ea86a98-f4bf-438a-b749-3544651e2edd,0
2026-01-03T19:29:50.1973119Z,Generating deployment script.,0f21f248-3d9b-4931-be49-cc0a915e1277,0
2026-01-03T19:29:50.3411785Z,Running deployment command...,917bd154-8b34-4436-85d1-0f89be0c20b7,0
	2026-01-03T19:29:50.3511141Z,Command: /opt/Kudu/Scripts/parallel_rsync.sh /tmp/zipdeploy/extracted /home/site/wwwroot 8 /tmp/ False True  ,,0
	2026-01-03T19:29:50.5115788Z,Run rsync from: /tmp/zipdeploy/extracted/ to: /home/site/wwwroot/ in 8 parallel threads,,0
	2026-01-03T19:29:50.5352189Z,Delete options: clean=False&comma; use manifest=True&comma; directory to ignore=,,0
	2026-01-03T19:29:50.5628389Z,Prev manifest = /home/site/deployments/239319e7-a4b8-41bd-ad19-494c6249251d/manifest and next /home/site/deployments/ef440999-8bab-4795-b6f4-f4e2da2e4406/manifest,,0
	2026-01-03T19:29:50.5776140Z,Cleaning up /tmp//filelist.txt and /tmp//splits,,0
	2026-01-03T19:29:50.6013333Z,Creating a list of all files at /tmp//filelist.txt,,0
	2026-01-03T19:29:50.6421070Z,No directory to exclude.,,0
	2026-01-03T19:29:50.6696714Z,Created /tmp//filelist.txt. Total number of files to be synced = 35.,,0
	2026-01-03T19:29:51.3654422Z,Created batches from the list of files. Processing 5 files in each thread,,0
	2026-01-03T19:29:51.4099662Z,Running rsync for filelist /tmp//splits/split.aa from /tmp/zipdeploy/extracted/ to /home/site/wwwroot/,,0
	2026-01-03T19:29:51.4578296Z,Running rsync for filelist /tmp//splits/split.ab from /tmp/zipdeploy/extracted/ to /home/site/wwwroot/,,0
	2026-01-03T19:29:51.4974545Z,Running rsync for filelist /tmp//splits/split.ac from /tmp/zipdeploy/extracted/ to /home/site/wwwroot/,,0
	2026-01-03T19:29:51.5182310Z,Running rsync for filelist /tmp//splits/split.ad from /tmp/zipdeploy/extracted/ to /home/site/wwwroot/,,0
	2026-01-03T19:29:51.5374192Z,Running rsync for filelist /tmp//splits/split.ae from /tmp/zipdeploy/extracted/ to /home/site/wwwroot/,,0
	2026-01-03T19:29:51.5724440Z,Running rsync for filelist /tmp//splits/split.af from /tmp/zipdeploy/extracted/ to /home/site/wwwroot/,,0
	2026-01-03T19:29:51.6013435Z,Running rsync for filelist /tmp//splits/split.ag from /tmp/zipdeploy/extracted/ to /home/site/wwwroot/,,0
	2026-01-03T19:29:51.6176919Z,,,0
	2026-01-03T19:29:51.6417172Z,Number of files: 6 (reg: 5&comma; dir: 1),,0
	2026-01-03T19:29:51.6502276Z,Number of created files: 0,,0
	2026-01-03T19:29:51.6701723Z,Number of deleted files: 0,,0
	2026-01-03T19:29:51.6845601Z,Number of regular files transferred: 0,,0
	2026-01-03T19:29:51.6906981Z,Total file size: 2.26M bytes,,0
	2026-01-03T19:29:51.7171875Z,Total transferred file size: 0 bytes,,0
	2026-01-03T19:29:51.7371471Z,Literal data: 0 bytes,,0
	2026-01-03T19:29:51.7897434Z,Matched data: 0 bytes,,0
	2026-01-03T19:29:51.7996955Z,File list size: 0,,0
	2026-01-03T19:29:51.8201613Z,File list generation time: 0.002 seconds,,0
	2026-01-03T19:29:51.8376888Z,File list transfer time: 0.000 seconds,,0
	2026-01-03T19:29:51.8654153Z,Total bytes sent: 291,,0
	2026-01-03T19:29:51.8808298Z,Total bytes received: 34,,0
	2026-01-03T19:29:51.9047018Z,,,0
	2026-01-03T19:29:51.9088820Z,sent 291 bytes  received 34 bytes  650.00 bytes/sec,,0
	2026-01-03T19:29:51.9133619Z,total size is 2.26M  speedup is 6&comma;944.71,,0
	2026-01-03T19:29:51.9293851Z,Attempt 1: Rsync for filelist /tmp//splits/split.ab completed with exit code 0,,0
	2026-01-03T19:29:51.9447232Z,,,0
	2026-01-03T19:29:51.9695618Z,Number of files: 5 (reg: 5),,0
	2026-01-03T19:29:51.9817972Z,Number of created files: 0,,0
	2026-01-03T19:29:52.0050984Z,Number of deleted files: 0,,0
	2026-01-03T19:29:52.0259955Z,Number of regular files transferred: 0,,0
	2026-01-03T19:29:52.0469306Z,Total file size: 11.28M bytes,,0
	2026-01-03T19:29:52.0654148Z,Total transferred file size: 0 bytes,,0
	2026-01-03T19:29:52.0819428Z,Literal data: 0 bytes,,0
	2026-01-03T19:29:52.0998493Z,Matched data: 0 bytes,,0
	2026-01-03T19:29:52.1120857Z,File list size: 0,,0
	2026-01-03T19:29:52.1272344Z,File list generation time: 0.002 seconds,,0
	2026-01-03T19:29:52.1414713Z,File list transfer time: 0.000 seconds,,0
	2026-01-03T19:29:52.1491931Z,Total bytes sent: 328,,0
	2026-01-03T19:29:52.1573851Z,Total bytes received: 31,,0
	2026-01-03T19:29:52.1628406Z,,,0
	2026-01-03T19:29:52.1745982Z,sent 328 bytes  received 31 bytes  718.00 bytes/sec,,0
	2026-01-03T19:29:52.1918857Z,total size is 11.28M  speedup is 31&comma;426.29,,0
	2026-01-03T19:29:52.2134629Z,Attempt 1: Rsync for filelist /tmp//splits/split.af completed with exit code 0,,0
	2026-01-03T19:29:52.2328179Z,,,0
	2026-01-03T19:29:52.2374910Z,Number of files: 5 (reg: 5),,0
	2026-01-03T19:29:52.2473626Z,Number of created files: 0,,0
	2026-01-03T19:29:52.2555495Z,Number of deleted files: 0,,0
	2026-01-03T19:29:52.2632450Z,Number of regular files transferred: 1,,0
	2026-01-03T19:29:52.2763152Z,Total file size: 676.98K bytes,,0
	2026-01-03T19:29:52.2981930Z,Total transferred file size: 10.52K bytes,,0
	2026-01-03T19:29:52.3149458Z,Literal data: 10.52K bytes,,0
	2026-01-03T19:29:52.3277033Z,Matched data: 0 bytes,,0
	2026-01-03T19:29:52.3390997Z,File list size: 0,,0
	2026-01-03T19:29:52.3512544Z,File list generation time: 0.001 seconds,,0
	2026-01-03T19:29:52.3624904Z,File list transfer time: 0.000 seconds,,0
	2026-01-03T19:29:52.3877788Z,Total bytes sent: 2.73K,,0
	2026-01-03T19:29:52.4095348Z,Total bytes received: 47,,0
	2026-01-03T19:29:52.4216701Z,,,0
	2026-01-03T19:29:52.4368658Z,sent 2.73K bytes  received 47 bytes  5.56K bytes/sec,,0
	2026-01-03T19:29:52.4456228Z,total size is 676.98K  speedup is 243.69,,0
	2026-01-03T19:29:52.4611304Z,Attempt 1: Rsync for filelist /tmp//splits/split.ad completed with exit code 0,,0
	2026-01-03T19:29:52.4751268Z,,,0
	2026-01-03T19:29:52.4843203Z,Number of files: 5 (reg: 5),,0
	2026-01-03T19:29:52.4944908Z,Number of created files: 0,,0
	2026-01-03T19:29:52.5072214Z,Number of deleted files: 0,,0
	2026-01-03T19:29:52.5177498Z,Number of regular files transferred: 1,,0
	2026-01-03T19:29:52.5234517Z,Total file size: 295.38K bytes,,0
	2026-01-03T19:29:52.5376364Z,Total transferred file size: 30.37K bytes,,0
	2026-01-03T19:29:52.5446788Z,Literal data: 30.37K bytes,,0
	2026-01-03T19:29:52.5585893Z,Matched data: 0 bytes,,0
	2026-01-03T19:29:52.5718173Z,File list size: 0,,0
	2026-01-03T19:29:52.5792011Z,File list generation time: 0.001 seconds,,0
	2026-01-03T19:29:52.5853911Z,File list transfer time: 0.000 seconds,,0
	2026-01-03T19:29:52.5988991Z,Total bytes sent: 16.49K,,0
	2026-01-03T19:29:52.6051555Z,Total bytes received: 47,,0
	2026-01-03T19:29:52.6186267Z,,,0
	2026-01-03T19:29:52.6356098Z,sent 16.49K bytes  received 47 bytes  11.02K bytes/sec,,0
	2026-01-03T19:29:52.6443412Z,total size is 295.38K  speedup is 17.87,,0
	2026-01-03T19:29:52.6567273Z,,,0
	2026-01-03T19:29:52.6841704Z,Number of files: 5 (reg: 5),,0
	2026-01-03T19:29:52.6976986Z,Number of created files: 0,,0
	2026-01-03T19:29:52.7053337Z,Number of deleted files: 0,,0
	2026-01-03T19:29:52.7138876Z,Number of regular files transferred: 1,,0
	2026-01-03T19:29:52.7185814Z,Total file size: 906.27K bytes,,0
	2026-01-03T19:29:52.7271680Z,Total transferred file size: 41.47K bytes,,0
	2026-01-03T19:29:52.7580504Z,Literal data: 41.47K bytes,,0
	2026-01-03T19:29:52.7853211Z,Matched data: 0 bytes,,0
	2026-01-03T19:29:52.8249978Z,File list size: 0,,0
	2026-01-03T19:29:52.8339224Z,File list generation time: 0.004 seconds,,0
	2026-01-03T19:29:52.8491083Z,File list transfer time: 0.000 seconds,,0
	2026-01-03T19:29:52.8588124Z,Total bytes sent: 16.29K,,0
	2026-01-03T19:29:52.8716522Z,Total bytes received: 47,,0
	2026-01-03T19:29:52.8850131Z,,,0
	2026-01-03T19:29:52.8949441Z,sent 16.29K bytes  received 47 bytes  10.89K bytes/sec,,0
	2026-01-03T19:29:52.8996970Z,total size is 906.27K  speedup is 55.48,,0
	2026-01-03T19:29:52.9092448Z,,,0
	2026-01-03T19:29:52.9213132Z,Number of files: 6 (reg: 5&comma; dir: 1),,0
	2026-01-03T19:29:52.9261697Z,Number of created files: 0,,0
	2026-01-03T19:29:52.9485281Z,Number of deleted files: 0,,0
	2026-01-03T19:29:52.9754910Z,Number of regular files transferred: 1,,0
	2026-01-03T19:29:52.9851946Z,Total file size: 133.42K bytes,,0
	2026-01-03T19:29:53.0063237Z,Total transferred file size: 78.26K bytes,,0
	2026-01-03T19:29:53.0225909Z,Literal data: 78.26K bytes,,0
	2026-01-03T19:29:53.0342983Z,Matched data: 0 bytes,,0
	2026-01-03T19:29:53.0429612Z,File list size: 0,,0
	2026-01-03T19:29:53.0508601Z,File list generation time: 0.001 seconds,,0
	2026-01-03T19:29:53.0575073Z,File list transfer time: 0.000 seconds,,0
	2026-01-03T19:29:53.0789472Z,Total bytes sent: 35.37K,,0
	2026-01-03T19:29:53.0985063Z,Total bytes received: 50,,0
	2026-01-03T19:29:53.1054538Z,,,0
	2026-01-03T19:29:53.1170610Z,sent 35.37K bytes  received 50 bytes  23.61K bytes/sec,,0
	2026-01-03T19:29:53.1219020Z,total size is 133.42K  speedup is 3.77,,0
	2026-01-03T19:29:53.1344098Z,Attempt 1: Rsync for filelist /tmp//splits/split.ae completed with exit code 0,,0
	2026-01-03T19:29:53.1489906Z,Attempt 1: Rsync for filelist /tmp//splits/split.ac completed with exit code 0,,0
	2026-01-03T19:29:53.1617665Z,Attempt 1: Rsync for filelist /tmp//splits/split.aa completed with exit code 0,,0
	2026-01-03T19:29:53.1810098Z,,,0
	2026-01-03T19:29:53.1919502Z,Number of files: 5 (reg: 5),,0
	2026-01-03T19:29:53.1977060Z,Number of created files: 0,,0
	2026-01-03T19:29:53.2091582Z,Number of deleted files: 0,,0
	2026-01-03T19:29:53.2259198Z,Number of regular files transferred: 0,,0
	2026-01-03T19:29:53.2339584Z,Total file size: 3.91M bytes,,0
	2026-01-03T19:29:53.2414456Z,Total transferred file size: 0 bytes,,0
	2026-01-03T19:29:53.2689807Z,Literal data: 0 bytes,,0
	2026-01-03T19:29:53.2891267Z,Matched data: 0 bytes,,0
	2026-01-03T19:29:53.3090079Z,File list size: 0,,0
	2026-01-03T19:29:53.3178925Z,File list generation time: 0.010 seconds,,0
	2026-01-03T19:29:53.3282056Z,File list transfer time: 0.000 seconds,,0
	2026-01-03T19:29:53.3475460Z,Total bytes sent: 296,,0
	2026-01-03T19:29:53.3701792Z,Total bytes received: 31,,0
	2026-01-03T19:29:53.3773904Z,,,0
	2026-01-03T19:29:53.3930927Z,sent 296 bytes  received 31 bytes  218.00 bytes/sec,,0
	2026-01-03T19:29:53.4035526Z,total size is 3.91M  speedup is 11&comma;948.93,,0
	2026-01-03T19:29:53.4087899Z,Attempt 1: Rsync for filelist /tmp//splits/split.ag completed with exit code 0,,0
	2026-01-03T19:29:53.4153291Z,Deleting files not present in /tmp/zipdeploy/extracted/ from /home/site/wwwroot/ based on manifest file /home/site/deployments/239319e7-a4b8-41bd-ad19-494c6249251d/manifest,,0
	2026-01-03T19:29:53.4248412Z,Number of files deleted: 0. See /tmp//rsync_deletion_logs.txt for more details.,,0
	2026-01-03T19:29:53.4361934Z,create new manifest file at /home/site/deployments/ef440999-8bab-4795-b6f4-f4e2da2e4406/manifest,,0
	2026-01-03T19:29:53.4489909Z,Completed successfully in 1 seconds,,0
2026-01-03T19:29:53.6603373Z,Running post deployment command(s)...,ee53be1a-19bf-4a2f-ba44-82308bcd4a4f,0
2026-01-03T19:29:53.8131534Z,Triggering recycle (preview mode disabled).,c8f68ce8-9aea-4abe-b434-e80a877c51d5,0
2026-01-03T19:29:53.9998997Z,Deployment successful. deployer = Push-Deployer deploymentPath = ZipDeploy. Extract zip.,9a490044-3621-41e1-81db-8bb112185b56,0
