2026-07-02T20:23:46.3598642+00:00 ContainerStatus: State: Stopping, Action: StoppingSite, LastError: , LastErrorTimestamp: 01/01/0001 00:00:00, LastErrorDetails: , Details: Site started at 06/25/2026 04:52:10 (UTC), DetailsLevel: INFO
2026-07-02T20:23:46.3682786+00:00 ContainerStatus: State: Stopping, Action: StoppingSiteContainers, LastError: , LastErrorTimestamp: 01/01/0001 00:00:00, LastErrorDetails: , Details: Site started at 06/25/2026 04:52:10 (UTC), DetailsLevel: INFO
2026-07-02T20:23:46.3726751+00:00 ContainerStatus: Container is terminating. Grace period: 5 seconds.
2026-07-02T20:23:46.4542760+00:00 ContainerStatus: Stop and delete container. Retry count = 0
2026-07-02T20:23:46.4553451+00:00 ContainerStatus: Stopping container: 5b196c2fa702_pumpkin-api.
2026-07-02T20:23:51.4657359+00:00 ContainerStatus: Deleting container: 5b196c2fa702_pumpkin-api. Retry count = 0
2026-07-02T20:23:51.5585732+00:00 ContainerStatus: Container spec TerminationMessagePolicy  path 
2026-07-02T20:23:51.5603119+00:00 ContainerStatus: Container is terminated. Total time elapsed: 5186 ms.
2026-07-02T20:23:51.5645176+00:00 ContainerStatus: Site: pumpkin-api stopped.
2026-07-02T20:50:41.7069502+00:00 ContainerStatus: State: Blocked, Action: None, LastError: , LastErrorTimestamp: 01/01/0001 00:00:00, LastErrorDetails: , Details: Site stopped at 07/02/2026 20:23:51 (UTC), DetailsLevel: INFO
2026-07-02T20:51:06.9989097+00:00 ContainerStatus: State: Starting, Action: EstablishingSiteNetworks, LastError: , LastErrorTimestamp: 01/01/0001 00:00:00, LastErrorDetails: , Details: Site stopped at 07/02/2026 20:23:51 (UTC), DetailsLevel: INFO
2026-07-02T20:51:07.3858254+00:00 ContainerStatus: State: Starting, Action: StartingSiteContainers, LastError: , LastErrorTimestamp: 01/01/0001 00:00:00, LastErrorDetails: , Details: Site stopped at 07/02/2026 20:23:51 (UTC), DetailsLevel: INFO
2026-07-02T20:51:07.3859637+00:00 ContainerStatus: Container start method called.
2026-07-02T20:51:07.3860232+00:00 ContainerStatus: State: Starting, Action: PullingImage, LastError: , LastErrorTimestamp: 01/01/0001 00:00:00, LastErrorDetails: , Details: Pulling image 10.1.0.6:13209/appsvc/dotnetcore:10.0_20260504.4.tuxprod for pumpkin-api., DetailsLevel: INFO
2026-07-02T20:51:07.3888255+00:00 ContainerStatus: Establishing network.
2026-07-02T20:51:07.3893136+00:00 ContainerStatus: Pulling image: appsvc/dotnetcore:10.0_20260504.4.tuxprod.
2026-07-02T20:51:07.4591091+00:00 ContainerStatus: Image appsvc/dotnetcore:10.0_20260504.4.tuxprod is pulled from registry 10.1.0.6:13209
2026-07-02T20:51:07.4592733+00:00 ContainerStatus: Container is starting.
2026-07-02T20:51:07.4593436+00:00 ContainerStatus: State: Starting, Action: MountingVolumes, LastError: , LastErrorTimestamp: 01/01/0001 00:00:00, LastErrorDetails: , Details: Mounting volumes for pumpkin-api., DetailsLevel: INFO
2026-07-02T20:51:07.4608041+00:00 ContainerStatus: Establishing user namespace if not established already.
2026-07-02T20:51:07.4609594+00:00 ContainerStatus: Establishing network if not established already.
2026-07-02T20:51:07.4619572+00:00 ContainerStatus: Mounting volumes.
2026-07-02T20:51:07.4621609+00:00 ContainerStatus: Nested mountpoint 
2026-07-02T20:51:07.4645092+00:00 ContainerStatus: Nested mountpoint volatile/logs
2026-07-02T20:51:07.4672283+00:00 ContainerStatus: Nested mountpoint 
2026-07-02T20:51:07.4700839+00:00 ContainerStatus: Nested mountpoint 
2026-07-02T20:51:07.4711888+00:00 ContainerStatus: Nested mountpoint 
2026-07-02T20:51:07.4749423+00:00 ContainerStatus: Nested mountpoint 
2026-07-02T20:51:07.4833756+00:00 ContainerStatus: Nested mountpoint 
2026-07-02T20:51:07.4891071+00:00 ContainerStatus: Nested mountpoint 
2026-07-02T20:51:07.5809000+00:00 ContainerStatus: State: Starting, Action: CreatingContainer, LastError: , LastErrorTimestamp: 01/01/0001 00:00:00, LastErrorDetails: , Details: Finished pulling container image and mounting volumes for pumpkin-api. Allocatinng the rest of the container resources to finish container creation., DetailsLevel: INFO
2026-07-02T20:51:07.5810599+00:00 ContainerStatus: Creating container.
2026-07-02T20:51:07.5812364+00:00 ContainerStatus: Creating pipes for streaming container io.
2026-07-02T20:51:07.5813918+00:00 ContainerStatus: Creating stdout named pipe at /podr/container/pipe/59d2df9c5c9f_pumpkin-api/stdout_14c43ad06eca4cc191e1fa1f01179edb.
2026-07-02T20:51:07.5830949+00:00 ContainerStatus: Successfully created stdout named pipe at: /podr/container/pipe/59d2df9c5c9f_pumpkin-api/stdout_14c43ad06eca4cc191e1fa1f01179edb.
2026-07-02T20:51:07.5833276+00:00 ContainerStatus: Opening named pipe /podr/container/pipe/59d2df9c5c9f_pumpkin-api/stdout_14c43ad06eca4cc191e1fa1f01179edb for reading in non-blocking mode.
2026-07-02T20:51:07.5834835+00:00 ContainerStatus: Successfully opened named pipe: /podr/container/pipe/59d2df9c5c9f_pumpkin-api/stdout_14c43ad06eca4cc191e1fa1f01179edb.
2026-07-02T20:51:07.5836126+00:00 ContainerStatus: Successfully removed non-blocking flag from /podr/container/pipe/59d2df9c5c9f_pumpkin-api/stdout_14c43ad06eca4cc191e1fa1f01179edb.
2026-07-02T20:51:07.5838267+00:00 ContainerStatus: Creating stderr named pipe at /podr/container/pipe/59d2df9c5c9f_pumpkin-api/stderr_420f02b9dc4f43a79586479db05ff3f4.
2026-07-02T20:51:07.5839981+00:00 ContainerStatus: Successfully created stderr named pipe at: /podr/container/pipe/59d2df9c5c9f_pumpkin-api/stderr_420f02b9dc4f43a79586479db05ff3f4.
2026-07-02T20:51:07.5856407+00:00 ContainerStatus: Opening named pipe /podr/container/pipe/59d2df9c5c9f_pumpkin-api/stderr_420f02b9dc4f43a79586479db05ff3f4 for reading in non-blocking mode.
2026-07-02T20:51:07.5862053+00:00 ContainerStatus: Successfully opened named pipe: /podr/container/pipe/59d2df9c5c9f_pumpkin-api/stderr_420f02b9dc4f43a79586479db05ff3f4.
2026-07-02T20:51:07.5863591+00:00 ContainerStatus: Successfully removed non-blocking flag from /podr/container/pipe/59d2df9c5c9f_pumpkin-api/stderr_420f02b9dc4f43a79586479db05ff3f4.
2026-07-02T20:51:07.5871885+00:00 ContainerStatus: Creating container with image: appsvc/dotnetcore:10.0_20260504.4.tuxprod from registry: 10.1.0.6:13209 and fully qualified image name: 10.1.0.6:13209/appsvc/dotnetcore:10.0_20260504.4.tuxprod
2026-07-02T20:51:07.7496150+00:00 ContainerStatus: Starting container: 59d2df9c5c9f_pumpkin-api.
2026-07-02T20:51:07.7653538+00:00 ContainerStatus: Starting watchers and probes.
2026-07-02T20:51:07.7659653+00:00 ContainerStatus: Starting metrics collection.
2026-07-02T20:51:07.7668286+00:00 ContainerStatus: Container is running.
2026-07-02T20:51:07.7674153+00:00 ContainerStatus: State: Starting, Action: CreatingContainer, LastError: , LastErrorTimestamp: 01/01/0001 00:00:00, LastErrorDetails: , Details: Container pumpkin-api successfully created and is running., DetailsLevel: INFO
2026-07-02T20:51:07.7912264+00:00 ContainerStatus: Container start method finished after 404 ms.
2026-07-02T20:51:07.7929657+00:00 ContainerStatus: State: Starting, Action: InitiatingSiteWarmUpProbe, LastError: , LastErrorTimestamp: 01/01/0001 00:00:00, LastErrorDetails: , Details: Container pumpkin-api successfully created and is running., DetailsLevel: INFO
2026-07-02T20:51:07.7931273+00:00 ContainerStatus: State: Starting, Action: WaitingForSiteWarmUpProbeSuccess, LastError: , LastErrorTimestamp: 01/01/0001 00:00:00, LastErrorDetails: , Details: Pinging warmup path to ensure container is ready to receive requests., DetailsLevel: INFO
2026-07-02T20:51:07.8026554+00:00 ContainerStream:    _____                               
2026-07-02T20:51:07.8027545+00:00 ContainerStream:   /  _  \ __________ _________   ____  
2026-07-02T20:51:07.8027610+00:00 ContainerStream:  /  /_\  \\___   /  |  \_  __ \_/ __ \ 
2026-07-02T20:51:07.8027650+00:00 ContainerStream: /    |    \/    /|  |  /|  | \/\  ___/ 
2026-07-02T20:51:07.8027692+00:00 ContainerStream: \____|__  /_____ \____/ |__|    \___  >
2026-07-02T20:51:07.8027754+00:00 ContainerStream:         \/      \/                  \/ 
2026-07-02T20:51:07.8027792+00:00 ContainerStream: A P P   S E R V I C E   O N   L I N U X
2026-07-02T20:51:07.8027828+00:00 ContainerStream: 
2026-07-02T20:51:07.8027868+00:00 ContainerStream: Documentation       : http://aka.ms/webapp-linux
2026-07-02T20:51:07.8027911+00:00 ContainerStream: Dotnet quickstart   : https://aka.ms/dotnet-qs
2026-07-02T20:51:07.8027955+00:00 ContainerStream: ASP .NETCore Version: 10.0.7
2026-07-02T20:51:07.8028009+00:00 ContainerStream: Instance Name       : ln1sdlwk001O78
2026-07-02T20:51:07.8028051+00:00 ContainerStream: Instance Id         : 49dcb720bd24018f6294f71b8ff1a16971958f30e185758b4bb9db714ab1c871
2026-07-02T20:51:07.8028086+00:00 ContainerStream: 
2026-07-02T20:51:07.8028124+00:00 ContainerStream: Note: Any data outside '/home' is not persisted
2026-07-02T20:51:08.3178161+00:00 ContainerStream:  * Starting OpenBSD Secure Shell server sshd
2026-07-02T20:51:08.3286404+00:00 ContainerStream:    ...done.
2026-07-02T20:51:08.3398774+00:00 ContainerStream: WEBSITES_INCLUDE_CLOUD_CERTS is not set to true.
2026-07-02T20:51:08.3587664+00:00 ContainerStream: Updating certificates in /etc/ssl/certs...
2026-07-02T20:51:12.5001145+00:00 ContainerStream: rehash: warning: skipping duplicate certificate in SSLcom-TLS-Root-2022-ECC.pem
2026-07-02T20:51:12.5010024+00:00 ContainerStream: rehash: warning: skipping duplicate certificate in SSLcom-TLS-Root-2022-RSA.pem
2026-07-02T20:51:12.5805227+00:00 ContainerStream: rehash: warning: skipping ca-certificates.crt,it does not contain exactly one certificate or CRL
2026-07-02T20:51:12.5964395+00:00 ContainerStream: 4 added, 0 removed; done.
2026-07-02T20:51:12.5967890+00:00 ContainerStream: Running hooks in /etc/ca-certificates/update.d...
2026-07-02T20:51:12.5996486+00:00 ContainerStream: done.
2026-07-02T20:51:12.6068576+00:00 ContainerStream: CA certificates copied and updated successfully.
2026-07-02T20:51:12.6434354+00:00 ContainerStream:  * Starting periodic command scheduler cron
2026-07-02T20:51:12.6540435+00:00 ContainerStream:    ...done.
2026-07-02T20:51:12.6567474+00:00 ContainerStream: Running oryx create-script -appPath /home/site/wwwroot -output /opt/startup/startup.sh -defaultAppFilePath /defaulthome/hostingstart/hostingstart.dll     -bindPort 8080 -bindPort2 '' -userStartupCommand 'dotnet pumpkin-api.dll' 
2026-07-02T20:51:12.7105364+00:00 ContainerStream: Could not find build manifest file at '/home/site/wwwroot/oryx-manifest.toml'
2026-07-02T20:51:12.7105593+00:00 ContainerStream: Could not find operation ID in manifest. Generating an operation id...
2026-07-02T20:51:12.7105645+00:00 ContainerStream: Build Operation ID: ceccd933-ef7f-4ba7-9dda-c81d09f43e5d
2026-07-02T20:51:12.8681253+00:00 ContainerStream: 
2026-07-02T20:51:12.8681752+00:00 ContainerStream: Agent extension disabled
2026-07-02T20:51:12.8681798+00:00 ContainerStream: Before if loop >> DotNet Runtime 
2026-07-02T20:51:12.8993113+00:00 ContainerStream: DotNet Runtime 10.0Writing output script to '/opt/startup/startup.sh'
2026-07-02T20:51:12.9401225+00:00 ContainerStream: Running user provided startup command...
2026-07-02T20:51:14.8470217+00:00 ContainerStream: info: Microsoft.Hosting.Lifetime[14]
2026-07-02T20:51:14.8470624+00:00 ContainerStream:       Now listening on: http://[::]:8080
2026-07-02T20:51:14.8667396+00:00 ContainerStream: info: Microsoft.Hosting.Lifetime[0]
2026-07-02T20:51:14.8667644+00:00 ContainerStream:       Application started. Press Ctrl+C to shut down.
2026-07-02T20:51:14.8687443+00:00 ContainerStream: info: Microsoft.Hosting.Lifetime[0]
2026-07-02T20:51:14.8687677+00:00 ContainerStream:       Hosting environment: Production
2026-07-02T20:51:14.8688930+00:00 ContainerStream: info: Microsoft.Hosting.Lifetime[0]
2026-07-02T20:51:14.8689057+00:00 ContainerStream:       Content root path: /home/site/wwwroot
2026-07-02T20:51:15.9086238+00:00 ContainerStream: info: pumpkin_api.Services.DatabaseService[0]
2026-07-02T20:51:15.9086652+00:00 ContainerStream:       Initializing DatabaseService with provider: CosmosDb
2026-07-02T20:51:16.1619264+00:00 ContainerStream: info: pumpkin_api.Services.CosmosDataConnection[0]
2026-07-02T20:51:16.1619826+00:00 ContainerStream:       Cosmos DB Data Connection initialized for database: pumpkin-cms
2026-07-02T20:51:16.1628062+00:00 ContainerStream: info: pumpkin_api.Services.DatabaseService[0]
2026-07-02T20:51:16.1628283+00:00 ContainerStream:       DatabaseService initialized with CosmosDb
2026-07-02T20:51:16.1986971+00:00 ContainerStatus: Site startup probe succeeded after 8.4052443 seconds.
2026-07-02T20:51:16.2667657+00:00 ContainerStatus: State: Starting, Action: WarmUpProbeSucceeded, LastError: , LastErrorTimestamp: 01/01/0001 00:00:00, LastErrorDetails: , Details: Site startup probe succeeded after 8.4052443 seconds., DetailsLevel: INFO
2026-07-02T20:51:16.3105346+00:00 ContainerStatus: Site is running with deployment version: 9dad86ab-fbe6-49df-80d7-292eb1f3fb30
2026-07-02T20:51:16.3107234+00:00 ContainerStatus: Site started.
2026-07-02T20:51:16.3107862+00:00 ContainerStatus: State: Started, Action: None, LastError: , LastErrorTimestamp: 01/01/0001 00:00:00, LastErrorDetails: , Details: Site started at 07/02/2026 20:51:16 (UTC), DetailsLevel: INFO
2026-07-02T20:51:16.3122945+00:00 ContainerStatus: Site is running with patch version DOTNETCORE-10.0.7
