2026-06-25T04:51:28.5417471+00:00 ContainerStatus: State: Starting, Action: EstablishingSiteNetworks, LastError: , LastErrorTimestamp: 01/01/0001 00:00:00, LastErrorDetails: , Details: , DetailsLevel: INFO
2026-06-25T04:51:29.6222220+00:00 ContainerStatus: State: Starting, Action: StartingSiteContainers, LastError: , LastErrorTimestamp: 01/01/0001 00:00:00, LastErrorDetails: , Details: , DetailsLevel: INFO
2026-06-25T04:51:29.6224913+00:00 ContainerStatus: Container start method called.
2026-06-25T04:51:29.6237410+00:00 ContainerStatus: State: Starting, Action: PullingImage, LastError: , LastErrorTimestamp: 01/01/0001 00:00:00, LastErrorDetails: , Details: Pulling image 10.1.0.4:13209/appsvc/dotnetcore:10.0_20260504.4.tuxprod for pumpkin-api., DetailsLevel: INFO
2026-06-25T04:51:29.6256639+00:00 ContainerStatus: Establishing network.
2026-06-25T04:51:29.6296415+00:00 ContainerStatus: Pulling image: appsvc/dotnetcore:10.0_20260504.4.tuxprod.
2026-06-25T04:51:46.2649463+00:00 ContainerStatus: Image appsvc/dotnetcore:10.0_20260504.4.tuxprod is pulled from registry 10.1.0.4:13209
2026-06-25T04:51:46.2700531+00:00 ContainerStatus: Container is starting.
2026-06-25T04:51:46.2701766+00:00 ContainerStatus: State: Starting, Action: MountingVolumes, LastError: , LastErrorTimestamp: 01/01/0001 00:00:00, LastErrorDetails: , Details: Mounting volumes for pumpkin-api., DetailsLevel: INFO
2026-06-25T04:51:46.2703106+00:00 ContainerStatus: Establishing user namespace if not established already.
2026-06-25T04:51:46.2704581+00:00 ContainerStatus: Establishing network if not established already.
2026-06-25T04:51:46.2705999+00:00 ContainerStatus: Mounting volumes.
2026-06-25T04:51:46.2715430+00:00 ContainerStatus: Nested mountpoint 
2026-06-25T04:51:46.2886381+00:00 ContainerStatus: Nested mountpoint volatile/logs
2026-06-25T04:51:46.2982430+00:00 ContainerStatus: Nested mountpoint 
2026-06-25T04:51:46.2989574+00:00 ContainerStatus: Nested mountpoint 
2026-06-25T04:51:46.2995840+00:00 ContainerStatus: Nested mountpoint 
2026-06-25T04:51:46.3118225+00:00 ContainerStatus: Nested mountpoint 
2026-06-25T04:51:46.3294295+00:00 ContainerStatus: Nested mountpoint 
2026-06-25T04:51:46.3366846+00:00 ContainerStatus: Nested mountpoint 
2026-06-25T04:51:46.9057111+00:00 ContainerStatus: State: Starting, Action: CreatingContainer, LastError: , LastErrorTimestamp: 01/01/0001 00:00:00, LastErrorDetails: , Details: Finished pulling container image and mounting volumes for pumpkin-api. Allocatinng the rest of the container resources to finish container creation., DetailsLevel: INFO
2026-06-25T04:51:46.9058400+00:00 ContainerStatus: Creating container.
2026-06-25T04:51:46.9059579+00:00 ContainerStatus: Creating pipes for streaming container io.
2026-06-25T04:51:46.9060675+00:00 ContainerStatus: Creating stdout named pipe at /podr/container/pipe/5b196c2fa702_pumpkin-api/stdout_cde3a1b56a1b4d7288d2844c4029e713.
2026-06-25T04:51:46.9062645+00:00 ContainerStatus: Successfully created stdout named pipe at: /podr/container/pipe/5b196c2fa702_pumpkin-api/stdout_cde3a1b56a1b4d7288d2844c4029e713.
2026-06-25T04:51:46.9063770+00:00 ContainerStatus: Opening named pipe /podr/container/pipe/5b196c2fa702_pumpkin-api/stdout_cde3a1b56a1b4d7288d2844c4029e713 for reading in non-blocking mode.
2026-06-25T04:51:46.9065018+00:00 ContainerStatus: Successfully opened named pipe: /podr/container/pipe/5b196c2fa702_pumpkin-api/stdout_cde3a1b56a1b4d7288d2844c4029e713.
2026-06-25T04:51:46.9387853+00:00 ContainerStatus: Successfully removed non-blocking flag from /podr/container/pipe/5b196c2fa702_pumpkin-api/stdout_cde3a1b56a1b4d7288d2844c4029e713.
2026-06-25T04:51:46.9389924+00:00 ContainerStatus: Creating stderr named pipe at /podr/container/pipe/5b196c2fa702_pumpkin-api/stderr_da824810966e48169f0a26fdebd05f78.
2026-06-25T04:51:46.9391776+00:00 ContainerStatus: Successfully created stderr named pipe at: /podr/container/pipe/5b196c2fa702_pumpkin-api/stderr_da824810966e48169f0a26fdebd05f78.
2026-06-25T04:51:46.9402989+00:00 ContainerStatus: Opening named pipe /podr/container/pipe/5b196c2fa702_pumpkin-api/stderr_da824810966e48169f0a26fdebd05f78 for reading in non-blocking mode.
2026-06-25T04:51:46.9404665+00:00 ContainerStatus: Successfully opened named pipe: /podr/container/pipe/5b196c2fa702_pumpkin-api/stderr_da824810966e48169f0a26fdebd05f78.
2026-06-25T04:51:46.9405779+00:00 ContainerStatus: Successfully removed non-blocking flag from /podr/container/pipe/5b196c2fa702_pumpkin-api/stderr_da824810966e48169f0a26fdebd05f78.
2026-06-25T04:51:46.9407419+00:00 ContainerStatus: Creating container with image: appsvc/dotnetcore:10.0_20260504.4.tuxprod from registry: 10.1.0.4:13209 and fully qualified image name: 10.1.0.4:13209/appsvc/dotnetcore:10.0_20260504.4.tuxprod
2026-06-25T04:51:47.2297605+00:00 ContainerStatus: Starting container: 5b196c2fa702_pumpkin-api.
2026-06-25T04:51:47.2580084+00:00 ContainerStatus: Starting watchers and probes.
2026-06-25T04:51:47.2583386+00:00 ContainerStatus: Starting metrics collection.
2026-06-25T04:51:47.2584992+00:00 ContainerStatus: Container is running.
2026-06-25T04:51:47.2585673+00:00 ContainerStatus: State: Starting, Action: CreatingContainer, LastError: , LastErrorTimestamp: 01/01/0001 00:00:00, LastErrorDetails: , Details: Container pumpkin-api successfully created and is running., DetailsLevel: INFO
2026-06-25T04:51:47.3089363+00:00 ContainerStatus: Container start method finished after 17686 ms.
2026-06-25T04:51:47.3242368+00:00 ContainerStatus: State: Starting, Action: InitiatingSiteWarmUpProbe, LastError: , LastErrorTimestamp: 01/01/0001 00:00:00, LastErrorDetails: , Details: Container pumpkin-api successfully created and is running., DetailsLevel: INFO
2026-06-25T04:51:47.3242710+00:00 ContainerStatus: State: Starting, Action: WaitingForSiteWarmUpProbeSuccess, LastError: , LastErrorTimestamp: 01/01/0001 00:00:00, LastErrorDetails: , Details: Pinging warmup path to ensure container is ready to receive requests., DetailsLevel: INFO
2026-06-25T04:51:47.3353688+00:00 ContainerStream:    _____                               
2026-06-25T04:51:47.3359534+00:00 ContainerStream:   /  _  \ __________ _________   ____  
2026-06-25T04:51:47.3359637+00:00 ContainerStream:  /  /_\  \\___   /  |  \_  __ \_/ __ \ 
2026-06-25T04:51:47.3359694+00:00 ContainerStream: /    |    \/    /|  |  /|  | \/\  ___/ 
2026-06-25T04:51:47.3359744+00:00 ContainerStream: \____|__  /_____ \____/ |__|    \___  >
2026-06-25T04:51:47.3359797+00:00 ContainerStream:         \/      \/                  \/ 
2026-06-25T04:51:47.3359866+00:00 ContainerStream: A P P   S E R V I C E   O N   L I N U X
2026-06-25T04:51:47.3359906+00:00 ContainerStream: 
2026-06-25T04:51:47.3359962+00:00 ContainerStream: Documentation       : http://aka.ms/webapp-linux
2026-06-25T04:51:47.3360016+00:00 ContainerStream: Dotnet quickstart   : https://aka.ms/dotnet-qs
2026-06-25T04:51:47.3360066+00:00 ContainerStream: ASP .NETCore Version: 10.0.7
2026-06-25T04:51:47.3360115+00:00 ContainerStream: Instance Name       : ln1sdlwk001O78
2026-06-25T04:51:47.3360188+00:00 ContainerStream: Instance Id         : 49dcb720bd24018f6294f71b8ff1a16971958f30e185758b4bb9db714ab1c871
2026-06-25T04:51:47.3360228+00:00 ContainerStream: 
2026-06-25T04:51:47.3360279+00:00 ContainerStream: Note: Any data outside '/home' is not persisted
2026-06-25T04:51:49.9761296+00:00 ContainerStream:  * Starting OpenBSD Secure Shell server sshd
2026-06-25T04:51:50.0012800+00:00 ContainerStream:    ...done.
2026-06-25T04:51:50.0157160+00:00 ContainerStream: WEBSITES_INCLUDE_CLOUD_CERTS is not set to true.
2026-06-25T04:51:50.0443563+00:00 ContainerStream: Updating certificates in /etc/ssl/certs...
2026-06-25T04:52:01.5672354+00:00 ContainerStream: rehash: warning: skipping duplicate certificate in SSLcom-TLS-Root-2022-ECC.pem
2026-06-25T04:52:01.5672863+00:00 ContainerStream: rehash: warning: skipping duplicate certificate in SSLcom-TLS-Root-2022-RSA.pem
2026-06-25T04:52:01.7304801+00:00 ContainerStream: rehash: warning: skipping ca-certificates.crt,it does not contain exactly one certificate or CRL
2026-06-25T04:52:01.8516969+00:00 ContainerStream: 4 added, 0 removed; done.
2026-06-25T04:52:01.8518042+00:00 ContainerStream: Running hooks in /etc/ca-certificates/update.d...
2026-06-25T04:52:01.8952851+00:00 ContainerStream: done.
2026-06-25T04:52:01.9108951+00:00 ContainerStream: CA certificates copied and updated successfully.
2026-06-25T04:52:02.1862163+00:00 ContainerStream:  * Starting periodic command scheduler cron
2026-06-25T04:52:02.2560591+00:00 ContainerStream:    ...done.
2026-06-25T04:52:02.3318335+00:00 ContainerStream: Running oryx create-script -appPath /home/site/wwwroot -output /opt/startup/startup.sh -defaultAppFilePath /defaulthome/hostingstart/hostingstart.dll     -bindPort 8080 -bindPort2 '' -userStartupCommand 'dotnet pumpkin-api.dll' 
2026-06-25T04:52:02.9504069+00:00 ContainerStream: Could not find build manifest file at '/home/site/wwwroot/oryx-manifest.toml'
2026-06-25T04:52:02.9507605+00:00 ContainerStream: Could not find operation ID in manifest. Generating an operation id...
2026-06-25T04:52:02.9507850+00:00 ContainerStream: Build Operation ID: eed8c371-aaef-47ba-bfb7-d35c9546ffb2
2026-06-25T04:52:03.2453606+00:00 ContainerStream: 
2026-06-25T04:52:03.2454231+00:00 ContainerStream: Agent extension disabled
2026-06-25T04:52:03.2454306+00:00 ContainerStream: Before if loop >> DotNet Runtime 
2026-06-25T04:52:03.2629177+00:00 ContainerStream: DotNet Runtime 10.0Writing output script to '/opt/startup/startup.sh'
2026-06-25T04:52:03.3557168+00:00 ContainerStream: Running user provided startup command...
2026-06-25T04:52:08.4576610+00:00 ContainerStream: info: Microsoft.Hosting.Lifetime[14]
2026-06-25T04:52:08.4577098+00:00 ContainerStream:       Now listening on: http://[::]:8080
2026-06-25T04:52:08.4833001+00:00 ContainerStream: info: Microsoft.Hosting.Lifetime[0]
2026-06-25T04:52:08.4833334+00:00 ContainerStream:       Application started. Press Ctrl+C to shut down.
2026-06-25T04:52:08.4891791+00:00 ContainerStream: info: Microsoft.Hosting.Lifetime[0]
2026-06-25T04:52:08.4892073+00:00 ContainerStream:       Hosting environment: Production
2026-06-25T04:52:08.4892260+00:00 ContainerStream: info: Microsoft.Hosting.Lifetime[0]
2026-06-25T04:52:08.4892329+00:00 ContainerStream:       Content root path: /home/site/wwwroot
2026-06-25T04:52:09.4637818+00:00 ContainerStream: info: pumpkin_api.Services.DatabaseService[0]
2026-06-25T04:52:09.4638296+00:00 ContainerStream:       Initializing DatabaseService with provider: CosmosDb
2026-06-25T04:52:09.9173802+00:00 ContainerStream: info: pumpkin_api.Services.CosmosDataConnection[0]
2026-06-25T04:52:09.9174248+00:00 ContainerStream:       Cosmos DB Data Connection initialized for database: pumpkin-cms
2026-06-25T04:52:09.9174731+00:00 ContainerStream: info: pumpkin_api.Services.DatabaseService[0]
2026-06-25T04:52:09.9174840+00:00 ContainerStream:       DatabaseService initialized with CosmosDb
2026-06-25T04:52:09.9591253+00:00 ContainerStatus: Site startup probe succeeded after 22.6344776 seconds.
2026-06-25T04:52:10.0213404+00:00 ContainerStatus: State: Starting, Action: WarmUpProbeSucceeded, LastError: , LastErrorTimestamp: 01/01/0001 00:00:00, LastErrorDetails: , Details: Site startup probe succeeded after 22.6344776 seconds., DetailsLevel: INFO
2026-06-25T04:52:10.1545684+00:00 ContainerStatus: Site is running with deployment version: 3cb8f8bb-9c7f-4835-8584-69ad9b45366c
2026-06-25T04:52:10.1547533+00:00 ContainerStatus: Site started.
2026-06-25T04:52:10.1548520+00:00 ContainerStatus: State: Started, Action: None, LastError: , LastErrorTimestamp: 01/01/0001 00:00:00, LastErrorDetails: , Details: Site started at 06/25/2026 04:52:10 (UTC), DetailsLevel: INFO
2026-06-25T04:52:10.1569369+00:00 ContainerStatus: Site is running with patch version DOTNETCORE-10.0.7
