2026-01-10T15:00:56.7205868Z,Updating submodules.,68f8d918-af53-4fe3-b353-e4fe581a2e79,0
2026-01-10T15:00:57.8278516Z,Preparing deployment for commit id 'fc0d8ed2-c'.,6dfa45e8-8f02-49d0-942c-d923957238ba,0
2026-01-10T15:00:58.0791233Z,PreDeployment: context.CleanOutputPath False,35500d15-0103-4fcc-b5d8-581618613bcb,0
2026-01-10T15:00:58.1974707Z,PreDeployment: context.OutputPath /home/site/wwwroot,f56f2549-e3ce-4deb-9d0f-6f9d950e7248,0
2026-01-10T15:00:58.3448120Z,Generating deployment script.,313aa74a-66c3-49d4-950e-045b5c576c0e,0
2026-01-10T15:00:58.4639752Z,Running deployment command...,670293bc-8527-4e87-8644-43f7c5baf378,0
	2026-01-10T15:00:58.4698214Z,Command: /opt/Kudu/Scripts/parallel_rsync.sh /tmp/zipdeploy/extracted /home/site/wwwroot 8 /tmp/ False True  ,,0
	2026-01-10T15:00:58.5238002Z,Run rsync from: /tmp/zipdeploy/extracted/ to: /home/site/wwwroot/ in 8 parallel threads,,0
	2026-01-10T15:00:58.5337338Z,Delete options: clean=False&comma; use manifest=True&comma; directory to ignore=,,0
	2026-01-10T15:00:58.5434070Z,Prev manifest = /home/site/deployments/ef440999-8bab-4795-b6f4-f4e2da2e4406/manifest and next /home/site/deployments/fc0d8ed2-c51f-427c-9937-e76f8c4726a0/manifest,,0
	2026-01-10T15:00:58.5541602Z,Cleaning up /tmp//filelist.txt and /tmp//splits,,0
	2026-01-10T15:00:58.5654591Z,Creating a list of all files at /tmp//filelist.txt,,0
	2026-01-10T15:00:58.5729166Z,No directory to exclude.,,0
	2026-01-10T15:00:58.5826876Z,Created /tmp//filelist.txt. Total number of files to be synced = 35.,,0
	2026-01-10T15:00:58.5907587Z,Created batches from the list of files. Processing 5 files in each thread,,0
	2026-01-10T15:00:58.5989332Z,Running rsync for filelist /tmp//splits/split.aa from /tmp/zipdeploy/extracted/ to /home/site/wwwroot/,,0
	2026-01-10T15:00:58.6051497Z,Running rsync for filelist /tmp//splits/split.ab from /tmp/zipdeploy/extracted/ to /home/site/wwwroot/,,0
	2026-01-10T15:00:58.6364649Z,Running rsync for filelist /tmp//splits/split.ac from /tmp/zipdeploy/extracted/ to /home/site/wwwroot/,,0
	2026-01-10T15:00:58.6471433Z,Running rsync for filelist /tmp//splits/split.ad from /tmp/zipdeploy/extracted/ to /home/site/wwwroot/,,0
	2026-01-10T15:00:58.6549011Z,Running rsync for filelist /tmp//splits/split.af from /tmp/zipdeploy/extracted/ to /home/site/wwwroot/,,0
	2026-01-10T15:00:58.6939249Z,Running rsync for filelist /tmp//splits/split.ag from /tmp/zipdeploy/extracted/ to /home/site/wwwroot/,,0
	2026-01-10T15:00:58.7000664Z,Running rsync for filelist /tmp//splits/split.ae from /tmp/zipdeploy/extracted/ to /home/site/wwwroot/,,0
	2026-01-10T15:00:58.7187836Z,,,0
	2026-01-10T15:00:58.7250583Z,Number of files: 6 (reg: 5&comma; dir: 1),,0
	2026-01-10T15:00:58.7317538Z,Number of created files: 0,,0
	2026-01-10T15:00:58.7401720Z,Number of deleted files: 0,,0
	2026-01-10T15:00:58.7530210Z,Number of regular files transferred: 0,,0
	2026-01-10T15:00:58.7769868Z,Total file size: 303.62K bytes,,0
	2026-01-10T15:00:58.7891051Z,Total transferred file size: 0 bytes,,0
	2026-01-10T15:00:58.7956470Z,Literal data: 0 bytes,,0
	2026-01-10T15:00:58.8050074Z,Matched data: 0 bytes,,0
	2026-01-10T15:00:58.8108987Z,File list size: 0,,0
	2026-01-10T15:00:58.8312766Z,File list generation time: 0.001 seconds,,0
	2026-01-10T15:00:58.8377173Z,File list transfer time: 0.000 seconds,,0
	2026-01-10T15:00:58.8432629Z,Total bytes sent: 289,,0
	2026-01-10T15:00:58.8485068Z,Total bytes received: 34,,0
	2026-01-10T15:00:58.8539471Z,,,0
	2026-01-10T15:00:58.8791207Z,sent 289 bytes  received 34 bytes  646.00 bytes/sec,,0
	2026-01-10T15:00:58.8950084Z,total size is 303.62K  speedup is 939.99,,0
	2026-01-10T15:00:58.9016417Z,Attempt 1: Rsync for filelist /tmp//splits/split.ad completed with exit code 0,,0
	2026-01-10T15:00:58.9090737Z,,,0
	2026-01-10T15:00:58.9149225Z,Number of files: 5 (reg: 5),,0
	2026-01-10T15:00:58.9212397Z,Number of created files: 0,,0
	2026-01-10T15:00:58.9269648Z,Number of deleted files: 0,,0
	2026-01-10T15:00:58.9332345Z,Number of regular files transferred: 0,,0
	2026-01-10T15:00:58.9405337Z,Total file size: 1.28M bytes,,0
	2026-01-10T15:00:58.9718897Z,Total transferred file size: 0 bytes,,0
	2026-01-10T15:00:58.9775124Z,Literal data: 0 bytes,,0
	2026-01-10T15:00:58.9855869Z,Matched data: 0 bytes,,0
	2026-01-10T15:00:58.9911357Z,File list size: 0,,0
	2026-01-10T15:00:58.9969618Z,File list generation time: 0.001 seconds,,0
	2026-01-10T15:00:59.0029175Z,File list transfer time: 0.000 seconds,,0
	2026-01-10T15:00:59.0112766Z,Total bytes sent: 262,,0
	2026-01-10T15:00:59.0199964Z,Total bytes received: 31,,0
	2026-01-10T15:00:59.0268730Z,,,0
	2026-01-10T15:00:59.0327851Z,sent 262 bytes  received 31 bytes  586.00 bytes/sec,,0
	2026-01-10T15:00:59.0381771Z,total size is 1.28M  speedup is 4&comma;357.61,,0
	2026-01-10T15:00:59.0454810Z,Attempt 1: Rsync for filelist /tmp//splits/split.ae completed with exit code 0,,0
	2026-01-10T15:00:59.0506017Z,,,0
	2026-01-10T15:00:59.0580120Z,Number of files: 5 (reg: 5),,0
	2026-01-10T15:00:59.0660558Z,Number of created files: 0,,0
	2026-01-10T15:00:59.0734903Z,Number of deleted files: 0,,0
	2026-01-10T15:00:59.0792776Z,Number of regular files transferred: 1,,0
	2026-01-10T15:00:59.0855449Z,Total file size: 11.07M bytes,,0
	2026-01-10T15:00:59.0918347Z,Total transferred file size: 55.81K bytes,,0
	2026-01-10T15:00:59.0974133Z,Literal data: 55.81K bytes,,0
	2026-01-10T15:00:59.1049636Z,Matched data: 0 bytes,,0
	2026-01-10T15:00:59.1135342Z,File list size: 0,,0
	2026-01-10T15:00:59.1189688Z,File list generation time: 0.001 seconds,,0
	2026-01-10T15:00:59.1243484Z,File list transfer time: 0.000 seconds,,0
	2026-01-10T15:00:59.1298556Z,Total bytes sent: 23.48K,,0
	2026-01-10T15:00:59.1359848Z,Total bytes received: 47,,0
	2026-01-10T15:00:59.1417954Z,,,0
	2026-01-10T15:00:59.1473263Z,sent 23.48K bytes  received 47 bytes  47.06K bytes/sec,,0
	2026-01-10T15:00:59.1541869Z,total size is 11.07M  speedup is 470.34,,0
	2026-01-10T15:00:59.1598712Z,Attempt 1: Rsync for filelist /tmp//splits/split.aa completed with exit code 0,,0
	2026-01-10T15:00:59.1659452Z,,,0
	2026-01-10T15:00:59.1716092Z,Number of files: 5 (reg: 5),,0
	2026-01-10T15:00:59.1787406Z,Number of created files: 0,,0
	2026-01-10T15:00:59.1843076Z,Number of deleted files: 0,,0
	2026-01-10T15:00:59.1899120Z,Number of regular files transferred: 1,,0
	2026-01-10T15:00:59.1957850Z,Total file size: 1.09M bytes,,0
	2026-01-10T15:00:59.2012039Z,Total transferred file size: 54.78K bytes,,0
	2026-01-10T15:00:59.2073368Z,Literal data: 54.78K bytes,,0
	2026-01-10T15:00:59.2123209Z,Matched data: 0 bytes,,0
	2026-01-10T15:00:59.2181358Z,File list size: 0,,0
	2026-01-10T15:00:59.2272022Z,File list generation time: 0.001 seconds,,0
	2026-01-10T15:00:59.2330865Z,File list transfer time: 0.000 seconds,,0
	2026-01-10T15:00:59.2385889Z,Total bytes sent: 20.72K,,0
	2026-01-10T15:00:59.2444325Z,Total bytes received: 47,,0
	2026-01-10T15:00:59.2504937Z,,,0
	2026-01-10T15:00:59.2563471Z,sent 20.72K bytes  received 47 bytes  41.54K bytes/sec,,0
	2026-01-10T15:00:59.2620318Z,total size is 1.09M  speedup is 52.30,,0
	2026-01-10T15:00:59.2678908Z,Attempt 1: Rsync for filelist /tmp//splits/split.ag completed with exit code 0,,0
	2026-01-10T15:00:59.2739680Z,,,0
	2026-01-10T15:00:59.2793785Z,Number of files: 5 (reg: 5),,0
	2026-01-10T15:00:59.2850371Z,Number of created files: 0,,0
	2026-01-10T15:00:59.2904073Z,Number of deleted files: 0,,0
	2026-01-10T15:00:59.2960455Z,Number of regular files transferred: 1,,0
	2026-01-10T15:00:59.3013505Z,Total file size: 1.88M bytes,,0
	2026-01-10T15:00:59.3071468Z,Total transferred file size: 10.52K bytes,,0
	2026-01-10T15:00:59.3123387Z,Literal data: 10.52K bytes,,0
	2026-01-10T15:00:59.3174144Z,Matched data: 0 bytes,,0
	2026-01-10T15:00:59.3224271Z,File list size: 0,,0
	2026-01-10T15:00:59.3280707Z,File list generation time: 0.001 seconds,,0
	2026-01-10T15:00:59.3333443Z,File list transfer time: 0.000 seconds,,0
	2026-01-10T15:00:59.3390543Z,Total bytes sent: 2.75K,,0
	2026-01-10T15:00:59.3443095Z,Total bytes received: 47,,0
	2026-01-10T15:00:59.3518682Z,,,0
	2026-01-10T15:00:59.3576388Z,sent 2.75K bytes  received 47 bytes  5.60K bytes/sec,,0
	2026-01-10T15:00:59.3638386Z,total size is 1.88M  speedup is 671.85,,0
	2026-01-10T15:00:59.3693419Z,,,0
	2026-01-10T15:00:59.3744259Z,Number of files: 5 (reg: 5),,0
	2026-01-10T15:00:59.3796426Z,Number of created files: 0,,0
	2026-01-10T15:00:59.3862492Z,Number of deleted files: 0,,0
	2026-01-10T15:00:59.3918455Z,Number of regular files transferred: 1,,0
	2026-01-10T15:00:59.3971472Z,Total file size: 3.70M bytes,,0
	2026-01-10T15:00:59.4026914Z,Total transferred file size: 29.60K bytes,,0
	2026-01-10T15:00:59.4082240Z,Literal data: 29.60K bytes,,0
	2026-01-10T15:00:59.4137928Z,Matched data: 0 bytes,,0
	2026-01-10T15:00:59.4191991Z,File list size: 0,,0
	2026-01-10T15:00:59.4244247Z,File list generation time: 0.001 seconds,,0
	2026-01-10T15:00:59.4300046Z,File list transfer time: 0.000 seconds,,0
	2026-01-10T15:00:59.4354269Z,Total bytes sent: 14.52K,,0
	2026-01-10T15:00:59.4408196Z,Total bytes received: 47,,0
	2026-01-10T15:00:59.4465738Z,,,0
	2026-01-10T15:00:59.4523918Z,sent 14.52K bytes  received 47 bytes  29.13K bytes/sec,,0
	2026-01-10T15:00:59.4574687Z,total size is 3.70M  speedup is 253.96,,0
	2026-01-10T15:00:59.4629765Z,Attempt 1: Rsync for filelist /tmp//splits/split.ab completed with exit code 0,,0
	2026-01-10T15:00:59.4683357Z,Attempt 1: Rsync for filelist /tmp//splits/split.ac completed with exit code 0,,0
	2026-01-10T15:00:59.4783148Z,,,0
	2026-01-10T15:00:59.4835876Z,Number of files: 5 (reg: 5),,0
	2026-01-10T15:00:59.4889954Z,Number of created files: 0,,0
	2026-01-10T15:00:59.4941648Z,Number of deleted files: 0,,0
	2026-01-10T15:00:59.4999502Z,Number of regular files transferred: 2,,0
	2026-01-10T15:00:59.5070762Z,Total file size: 164.90K bytes,,0
	2026-01-10T15:00:59.5130581Z,Total transferred file size: 110.36K bytes,,0
	2026-01-10T15:00:59.5191906Z,Literal data: 110.36K bytes,,0
	2026-01-10T15:00:59.5251993Z,Matched data: 0 bytes,,0
	2026-01-10T15:00:59.5313269Z,File list size: 0,,0
	2026-01-10T15:00:59.5394492Z,File list generation time: 0.001 seconds,,0
	2026-01-10T15:00:59.5455678Z,File list transfer time: 0.000 seconds,,0
	2026-01-10T15:00:59.5508110Z,Total bytes sent: 52.13K,,0
	2026-01-10T15:00:59.5570201Z,Total bytes received: 63,,0
	2026-01-10T15:00:59.5631310Z,,,0
	2026-01-10T15:00:59.5683534Z,sent 52.13K bytes  received 63 bytes  104.39K bytes/sec,,0
	2026-01-10T15:00:59.5752335Z,total size is 164.90K  speedup is 3.16,,0
	2026-01-10T15:00:59.5804526Z,Attempt 1: Rsync for filelist /tmp//splits/split.af completed with exit code 0,,0
	2026-01-10T15:00:59.5892039Z,Deleting files not present in /tmp/zipdeploy/extracted/ from /home/site/wwwroot/ based on manifest file /home/site/deployments/ef440999-8bab-4795-b6f4-f4e2da2e4406/manifest,,0
	2026-01-10T15:00:59.5944933Z,Number of files deleted: 0. See /tmp//rsync_deletion_logs.txt for more details.,,0
	2026-01-10T15:00:59.5997490Z,create new manifest file at /home/site/deployments/fc0d8ed2-c51f-427c-9937-e76f8c4726a0/manifest,,0
	2026-01-10T15:00:59.6056266Z,Completed successfully in 1 seconds,,0
2026-01-10T15:00:59.7743720Z,Running post deployment command(s)...,917160e2-fe93-4423-8f4f-ed3b8762c442,0
2026-01-10T15:00:59.9073667Z,Triggering recycle (preview mode disabled).,bafc06ab-e9a9-46c4-a002-df41d08dfc6c,0
2026-01-10T15:01:00.0646263Z,Deployment successful. deployer = Push-Deployer deploymentPath = ZipDeploy. Extract zip.,d9bb8522-fa55-4d12-8be7-079946b94037,0
