2026-01-03T19:20:57.7012603Z,Updating submodules.,7457c21c-4154-4b3a-acd6-29c098a08732,0
2026-01-03T19:20:58.8651119Z,Preparing deployment for commit id '239319e7-a'.,0aec6d61-b5b9-45aa-9b98-7867e501dc6a,0
2026-01-03T19:20:59.1600664Z,PreDeployment: context.CleanOutputPath False,7ab25907-e29f-4700-b741-b083eebd9f1d,0
2026-01-03T19:20:59.3114922Z,PreDeployment: context.OutputPath /home/site/wwwroot,1f20b67d-54e1-4285-84f8-17cb745ceaf9,0
2026-01-03T19:20:59.4675368Z,Generating deployment script.,40881e24-5e55-468e-b07b-d6ca766c5abf,0
2026-01-03T19:20:59.5860302Z,Running deployment command...,6934d6f2-485c-4df8-8933-c04c3923dd37,0
	2026-01-03T19:20:59.6010453Z,Command: /opt/Kudu/Scripts/parallel_rsync.sh /tmp/zipdeploy/extracted /home/site/wwwroot 8 /tmp/ False True  ,,0
	2026-01-03T19:20:59.9131965Z,Run rsync from: /tmp/zipdeploy/extracted/ to: /home/site/wwwroot/ in 8 parallel threads,,0
	2026-01-03T19:20:59.9913796Z,Delete options: clean=False&comma; use manifest=True&comma; directory to ignore=,,0
	2026-01-03T19:21:00.0023583Z,Prev manifest = /home/site/deployments/1642faa1-c357-4e65-b32d-713477faae77/manifest and next /home/site/deployments/239319e7-a4b8-41bd-ad19-494c6249251d/manifest,,0
	2026-01-03T19:21:00.0264958Z,Cleaning up /tmp//filelist.txt and /tmp//splits,,0
	2026-01-03T19:21:00.0421417Z,Creating a list of all files at /tmp//filelist.txt,,0
	2026-01-03T19:21:00.0560484Z,No directory to exclude.,,0
	2026-01-03T19:21:00.0753480Z,Created /tmp//filelist.txt. Total number of files to be synced = 35.,,0
	2026-01-03T19:21:00.0859347Z,Created batches from the list of files. Processing 5 files in each thread,,0
	2026-01-03T19:21:00.1019923Z,Running rsync for filelist /tmp//splits/split.aa from /tmp/zipdeploy/extracted/ to /home/site/wwwroot/,,0
	2026-01-03T19:21:00.1110436Z,Running rsync for filelist /tmp//splits/split.ab from /tmp/zipdeploy/extracted/ to /home/site/wwwroot/,,0
	2026-01-03T19:21:00.1188016Z,Running rsync for filelist /tmp//splits/split.ad from /tmp/zipdeploy/extracted/ to /home/site/wwwroot/,,0
	2026-01-03T19:21:00.1245988Z,Running rsync for filelist /tmp//splits/split.ac from /tmp/zipdeploy/extracted/ to /home/site/wwwroot/,,0
	2026-01-03T19:21:00.1332859Z,Running rsync for filelist /tmp//splits/split.ae from /tmp/zipdeploy/extracted/ to /home/site/wwwroot/,,0
	2026-01-03T19:21:00.1388478Z,Running rsync for filelist /tmp//splits/split.af from /tmp/zipdeploy/extracted/ to /home/site/wwwroot/,,0
	2026-01-03T19:21:00.1862076Z,Running rsync for filelist /tmp//splits/split.ag from /tmp/zipdeploy/extracted/ to /home/site/wwwroot/,,0
	2026-01-03T19:21:00.2599536Z,,,0
	2026-01-03T19:21:00.2878925Z,Number of files: 5 (reg: 5),,0
	2026-01-03T19:21:00.3127256Z,Number of created files: 0,,0
	2026-01-03T19:21:00.3306650Z,Number of deleted files: 0,,0
	2026-01-03T19:21:00.3484735Z,Number of regular files transferred: 0,,0
	2026-01-03T19:21:00.3652369Z,Total file size: 11.28M bytes,,0
	2026-01-03T19:21:00.3959258Z,Total transferred file size: 0 bytes,,0
	2026-01-03T19:21:00.4126446Z,Literal data: 0 bytes,,0
	2026-01-03T19:21:00.4212246Z,Matched data: 0 bytes,,0
	2026-01-03T19:21:00.4493791Z,File list size: 0,,0
	2026-01-03T19:21:00.4695277Z,File list generation time: 0.004 seconds,,0
	2026-01-03T19:21:00.4824384Z,File list transfer time: 0.000 seconds,,0
	2026-01-03T19:21:00.5020035Z,Total bytes sent: 328,,0
	2026-01-03T19:21:00.5262534Z,Total bytes received: 31,,0
	2026-01-03T19:21:00.5386065Z,,,0
	2026-01-03T19:21:00.5485533Z,sent 328 bytes  received 31 bytes  718.00 bytes/sec,,0
	2026-01-03T19:21:00.5789021Z,total size is 11.28M  speedup is 31&comma;426.29,,0
	2026-01-03T19:21:00.6048330Z,Attempt 1: Rsync for filelist /tmp//splits/split.af completed with exit code 0,,0
	2026-01-03T19:21:00.6173815Z,,,0
	2026-01-03T19:21:00.6362308Z,Number of files: 5 (reg: 5),,0
	2026-01-03T19:21:00.6618678Z,Number of created files: 0,,0
	2026-01-03T19:21:00.6764496Z,Number of deleted files: 0,,0
	2026-01-03T19:21:00.6936883Z,Number of regular files transferred: 0,,0
	2026-01-03T19:21:00.7035589Z,Total file size: 3.91M bytes,,0
	2026-01-03T19:21:00.7196952Z,Total transferred file size: 0 bytes,,0
	2026-01-03T19:21:00.7270339Z,Literal data: 0 bytes,,0
	2026-01-03T19:21:00.7454220Z,Matched data: 0 bytes,,0
	2026-01-03T19:21:00.7524547Z,File list size: 0,,0
	2026-01-03T19:21:00.7611606Z,File list generation time: 0.001 seconds,,0
	2026-01-03T19:21:00.7710477Z,File list transfer time: 0.000 seconds,,0
	2026-01-03T19:21:00.7752563Z,Total bytes sent: 296,,0
	2026-01-03T19:21:00.7859212Z,Total bytes received: 31,,0
	2026-01-03T19:21:00.8004905Z,,,0
	2026-01-03T19:21:00.8135306Z,sent 296 bytes  received 31 bytes  654.00 bytes/sec,,0
	2026-01-03T19:21:00.8277811Z,total size is 3.91M  speedup is 11&comma;948.93,,0
	2026-01-03T19:21:00.8410966Z,Attempt 1: Rsync for filelist /tmp//splits/split.ag completed with exit code 0,,0
	2026-01-03T19:21:00.8492718Z,,,0
	2026-01-03T19:21:00.8768494Z,Number of files: 5 (reg: 5),,0
	2026-01-03T19:21:00.8940523Z,Number of created files: 0,,0
	2026-01-03T19:21:00.9273869Z,Number of deleted files: 0,,0
	2026-01-03T19:21:00.9431254Z,Number of regular files transferred: 1,,0
	2026-01-03T19:21:00.9577073Z,Total file size: 906.27K bytes,,0
	2026-01-03T19:21:00.9703095Z,Total transferred file size: 41.47K bytes,,0
	2026-01-03T19:21:00.9902746Z,Literal data: 41.47K bytes,,0
	2026-01-03T19:21:01.0212517Z,Matched data: 0 bytes,,0
	2026-01-03T19:21:01.0483608Z,,,0
	2026-01-03T19:21:01.0746974Z,Number of files: 5 (reg: 5),,0
	2026-01-03T19:21:01.0855870Z,Number of created files: 0,,0
	2026-01-03T19:21:01.1027946Z,Number of deleted files: 0,,0
	2026-01-03T19:21:01.1179973Z,Number of regular files transferred: 1,,0
	2026-01-03T19:21:01.1226166Z,Total file size: 676.98K bytes,,0
	2026-01-03T19:21:01.1646261Z,Total transferred file size: 10.52K bytes,,0
	2026-01-03T19:21:01.1788563Z,Literal data: 10.52K bytes,,0
	2026-01-03T19:21:01.1953542Z,Matched data: 0 bytes,,0
	2026-01-03T19:21:01.2034606Z,File list size: 0,,0
	2026-01-03T19:21:01.2140787Z,File list generation time: 0.001 seconds,,0
	2026-01-03T19:21:01.2216667Z,File list transfer time: 0.000 seconds,,0
	2026-01-03T19:21:01.2332402Z,Total bytes sent: 2.73K,,0
	2026-01-03T19:21:01.2418844Z,Total bytes received: 47,,0
	2026-01-03T19:21:01.2500173Z,,,0
	2026-01-03T19:21:01.2588372Z,sent 2.73K bytes  received 47 bytes  5.56K bytes/sec,,0
	2026-01-03T19:21:01.2636910Z,total size is 676.98K  speedup is 243.69,,0
	2026-01-03T19:21:01.2702754Z,File list size: 0,,0
	2026-01-03T19:21:01.2940357Z,File list generation time: 0.001 seconds,,0
	2026-01-03T19:21:01.3046207Z,File list transfer time: 0.000 seconds,,0
	2026-01-03T19:21:01.3209475Z,Total bytes sent: 16.29K,,0
	2026-01-03T19:21:01.3259470Z,Total bytes received: 47,,0
	2026-01-03T19:21:01.3491854Z,,,0
	2026-01-03T19:21:01.3575249Z,sent 16.29K bytes  received 47 bytes  32.67K bytes/sec,,0
	2026-01-03T19:21:01.3664522Z,total size is 906.27K  speedup is 55.48,,0
	2026-01-03T19:21:01.3758919Z,Attempt 1: Rsync for filelist /tmp//splits/split.ad completed with exit code 0,,0
	2026-01-03T19:21:01.3856681Z,Attempt 1: Rsync for filelist /tmp//splits/split.ae completed with exit code 0,,0
	2026-01-03T19:21:01.3954377Z,,,0
	2026-01-03T19:21:01.3998124Z,Number of files: 6 (reg: 5&comma; dir: 1),,0
	2026-01-03T19:21:01.4172579Z,Number of created files: 0,,0
	2026-01-03T19:21:01.4402392Z,Number of deleted files: 0,,0
	2026-01-03T19:21:01.4511533Z,Number of regular files transferred: 1,,0
	2026-01-03T19:21:01.4594116Z,Total file size: 2.26M bytes,,0
	2026-01-03T19:21:01.4743656Z,Total transferred file size: 852 bytes,,0
	2026-01-03T19:21:01.4792524Z,Literal data: 852 bytes,,0
	2026-01-03T19:21:01.4875645Z,Matched data: 0 bytes,,0
	2026-01-03T19:21:01.4982166Z,File list size: 0,,0
	2026-01-03T19:21:01.5176711Z,File list generation time: 0.001 seconds,,0
	2026-01-03T19:21:01.5346141Z,File list transfer time: 0.000 seconds,,0
	2026-01-03T19:21:01.5481080Z,Total bytes sent: 790,,0
	2026-01-03T19:21:01.5650581Z,Total bytes received: 50,,0
	2026-01-03T19:21:01.5786668Z,,,0
	2026-01-03T19:21:01.5925028Z,sent 790 bytes  received 50 bytes  1.68K bytes/sec,,0
	2026-01-03T19:21:01.6049331Z,total size is 2.26M  speedup is 2&comma;686.94,,0
	2026-01-03T19:21:01.6302583Z,Attempt 1: Rsync for filelist /tmp//splits/split.ab completed with exit code 0,,0
	2026-01-03T19:21:01.6444796Z,,,0
	2026-01-03T19:21:01.6649164Z,Number of files: 6 (reg: 5&comma; dir: 1),,0
	2026-01-03T19:21:01.6717384Z,Number of created files: 0,,0
	2026-01-03T19:21:01.6875613Z,Number of deleted files: 0,,0
	2026-01-03T19:21:01.7026866Z,Number of regular files transferred: 2,,0
	2026-01-03T19:21:01.7377269Z,Total file size: 133.42K bytes,,0
	2026-01-03T19:21:01.7852567Z,Total transferred file size: 79.11K bytes,,0
	2026-01-03T19:21:01.7970150Z,Literal data: 79.11K bytes,,0
	2026-01-03T19:21:01.8115620Z,Matched data: 0 bytes,,0
	2026-01-03T19:21:01.8400255Z,File list size: 0,,0
	2026-01-03T19:21:01.8553489Z,File list generation time: 0.001 seconds,,0
	2026-01-03T19:21:01.8820870Z,File list transfer time: 0.000 seconds,,0
	2026-01-03T19:21:01.8924082Z,Total bytes sent: 35.84K,,0
	2026-01-03T19:21:01.9106077Z,Total bytes received: 66,,0
	2026-01-03T19:21:01.9459560Z,,,0
	2026-01-03T19:21:02.0045443Z,sent 35.84K bytes  received 66 bytes  71.81K bytes/sec,,0
	2026-01-03T19:21:02.0147475Z,total size is 133.42K  speedup is 3.72,,0
	2026-01-03T19:21:02.0574339Z,Attempt 1: Rsync for filelist /tmp//splits/split.aa completed with exit code 0,,0
	2026-01-03T19:21:02.0839307Z,,,0
	2026-01-03T19:21:02.1072151Z,Number of files: 5 (reg: 5),,0
	2026-01-03T19:21:02.1133075Z,Number of created files: 0,,0
	2026-01-03T19:21:02.1553648Z,Number of deleted files: 0,,0
	2026-01-03T19:21:02.1744988Z,Number of regular files transferred: 2,,0
	2026-01-03T19:21:02.2157982Z,Total file size: 295.38K bytes,,0
	2026-01-03T19:21:02.2570613Z,Total transferred file size: 31.03K bytes,,0
	2026-01-03T19:21:02.2740943Z,Literal data: 31.03K bytes,,0
	2026-01-03T19:21:02.3085770Z,Matched data: 0 bytes,,0
	2026-01-03T19:21:02.3230649Z,File list size: 0,,0
	2026-01-03T19:21:02.3360907Z,File list generation time: 0.001 seconds,,0
	2026-01-03T19:21:02.3686684Z,File list transfer time: 0.000 seconds,,0
	2026-01-03T19:21:02.3792180Z,Total bytes sent: 16.79K,,0
	2026-01-03T19:21:02.3995646Z,Total bytes received: 63,,0
	2026-01-03T19:21:02.4376010Z,,,0
	2026-01-03T19:21:02.4854025Z,sent 16.79K bytes  received 63 bytes  33.71K bytes/sec,,0
	2026-01-03T19:21:02.5077511Z,total size is 295.38K  speedup is 17.53,,0
	2026-01-03T19:21:02.5233340Z,Attempt 1: Rsync for filelist /tmp//splits/split.ac completed with exit code 0,,0
	2026-01-03T19:21:02.5337434Z,Deleting files not present in /tmp/zipdeploy/extracted/ from /home/site/wwwroot/ based on manifest file /home/site/deployments/1642faa1-c357-4e65-b32d-713477faae77/manifest,,0
	2026-01-03T19:21:02.5594319Z,Number of files deleted: 1. See /tmp//rsync_deletion_logs.txt for more details.,,0
	2026-01-03T19:21:02.5705347Z,create new manifest file at /home/site/deployments/239319e7-a4b8-41bd-ad19-494c6249251d/manifest,,0
	2026-01-03T19:21:02.5862870Z,Completed successfully in 1 seconds,,0
2026-01-03T19:21:02.7549264Z,Running post deployment command(s)...,705535b0-012c-4062-bcac-7c21fb35f421,0
2026-01-03T19:21:02.8946575Z,Triggering recycle (preview mode disabled).,44486fde-8e23-4211-90ab-563380d408ee,0
2026-01-03T19:21:03.0604357Z,Deployment successful. deployer = Push-Deployer deploymentPath = ZipDeploy. Extract zip.,a2e4d901-2c0c-453e-9939-bcad03c26145,0
