2026-01-10T15:34:46.2816916Z,Updating submodules.,01485f68-33b9-4757-baff-1e5ff9d331cc,0
2026-01-10T15:34:47.6808118Z,Preparing deployment for commit id 'ad56a486-d'.,237c3a0c-2f77-43e4-8802-aa959eecd109,0
2026-01-10T15:34:47.9701926Z,PreDeployment: context.CleanOutputPath False,0f6618aa-16ca-45b8-b3b0-527d8167fb85,0
2026-01-10T15:34:48.0778090Z,PreDeployment: context.OutputPath /home/site/wwwroot,0baba253-8746-44ba-a722-ecd8b993dbbb,0
2026-01-10T15:34:48.2189380Z,Generating deployment script.,9d3f8c3b-9470-465f-821b-9a6b205ae6c5,0
2026-01-10T15:34:48.3348308Z,Running deployment command...,acf3739b-be8b-4bc8-bc37-66cf38bf3399,0
	2026-01-10T15:34:48.3413158Z,Command: /opt/Kudu/Scripts/parallel_rsync.sh /tmp/zipdeploy/extracted /home/site/wwwroot 8 /tmp/ False True  ,,0
	2026-01-10T15:34:48.3994347Z,Run rsync from: /tmp/zipdeploy/extracted/ to: /home/site/wwwroot/ in 8 parallel threads,,0
	2026-01-10T15:34:48.4112595Z,Delete options: clean=False&comma; use manifest=True&comma; directory to ignore=,,0
	2026-01-10T15:34:48.4229258Z,Prev manifest = /home/site/deployments/845a36c1-509c-4cff-a490-328374c2b879/manifest and next /home/site/deployments/ad56a486-de98-42ca-bec1-28bbb2c99733/manifest,,0
	2026-01-10T15:34:48.4363427Z,Cleaning up /tmp//filelist.txt and /tmp//splits,,0
	2026-01-10T15:34:48.4709071Z,Creating a list of all files at /tmp//filelist.txt,,0
	2026-01-10T15:34:48.4918792Z,No directory to exclude.,,0
	2026-01-10T15:34:48.5120283Z,Created /tmp//filelist.txt. Total number of files to be synced = 35.,,0
	2026-01-10T15:34:48.5287532Z,Created batches from the list of files. Processing 5 files in each thread,,0
	2026-01-10T15:34:48.5567643Z,Running rsync for filelist /tmp//splits/split.aa from /tmp/zipdeploy/extracted/ to /home/site/wwwroot/,,0
	2026-01-10T15:34:48.5885252Z,Running rsync for filelist /tmp//splits/split.ac from /tmp/zipdeploy/extracted/ to /home/site/wwwroot/,,0
	2026-01-10T15:34:48.6012595Z,Running rsync for filelist /tmp//splits/split.ad from /tmp/zipdeploy/extracted/ to /home/site/wwwroot/,,0
	2026-01-10T15:34:48.6170144Z,Running rsync for filelist /tmp//splits/split.ae from /tmp/zipdeploy/extracted/ to /home/site/wwwroot/,,0
	2026-01-10T15:34:48.6269728Z,Running rsync for filelist /tmp//splits/split.ab from /tmp/zipdeploy/extracted/ to /home/site/wwwroot/,,0
	2026-01-10T15:34:48.6336879Z,Running rsync for filelist /tmp//splits/split.af from /tmp/zipdeploy/extracted/ to /home/site/wwwroot/,,0
	2026-01-10T15:34:48.6392409Z,,,0
	2026-01-10T15:34:48.6471490Z,Number of files: 5 (reg: 5),,0
	2026-01-10T15:34:48.6563074Z,Number of created files: 0,,0
	2026-01-10T15:34:48.6625165Z,Number of deleted files: 0,,0
	2026-01-10T15:34:48.6714844Z,Number of regular files transferred: 0,,0
	2026-01-10T15:34:48.6775677Z,Total file size: 11.07M bytes,,0
	2026-01-10T15:34:48.6870963Z,Total transferred file size: 0 bytes,,0
	2026-01-10T15:34:48.7007952Z,Literal data: 0 bytes,,0
	2026-01-10T15:34:48.7071006Z,Matched data: 0 bytes,,0
	2026-01-10T15:34:48.7141234Z,File list size: 0,,0
	2026-01-10T15:34:48.7309852Z,File list generation time: 0.001 seconds,,0
	2026-01-10T15:34:48.7404780Z,File list transfer time: 0.000 seconds,,0
	2026-01-10T15:34:48.7544275Z,Total bytes sent: 279,,0
	2026-01-10T15:34:48.7600862Z,Total bytes received: 31,,0
	2026-01-10T15:34:48.7661799Z,,,0
	2026-01-10T15:34:48.7732853Z,sent 279 bytes  received 31 bytes  620.00 bytes/sec,,0
	2026-01-10T15:34:48.7814341Z,total size is 11.07M  speedup is 35&comma;697.05,,0
	2026-01-10T15:34:48.7874369Z,Attempt 1: Rsync for filelist /tmp//splits/split.aa completed with exit code 0,,0
	2026-01-10T15:34:48.7932796Z,Running rsync for filelist /tmp//splits/split.ag from /tmp/zipdeploy/extracted/ to /home/site/wwwroot/,,0
	2026-01-10T15:34:48.8009981Z,,,0
	2026-01-10T15:34:48.8068918Z,Number of files: 5 (reg: 5),,0
	2026-01-10T15:34:48.8129255Z,Number of created files: 0,,0
	2026-01-10T15:34:48.8193960Z,Number of deleted files: 0,,0
	2026-01-10T15:34:48.8256453Z,Number of regular files transferred: 0,,0
	2026-01-10T15:34:48.8319956Z,Total file size: 3.70M bytes,,0
	2026-01-10T15:34:48.8376173Z,Total transferred file size: 0 bytes,,0
	2026-01-10T15:34:48.8435972Z,Literal data: 0 bytes,,0
	2026-01-10T15:34:48.8496198Z,Matched data: 0 bytes,,0
	2026-01-10T15:34:48.8550215Z,File list size: 0,,0
	2026-01-10T15:34:48.8607584Z,File list generation time: 0.002 seconds,,0
	2026-01-10T15:34:48.8683389Z,File list transfer time: 0.000 seconds,,0
	2026-01-10T15:34:48.8925079Z,Total bytes sent: 345,,0
	2026-01-10T15:34:48.8981166Z,Total bytes received: 31,,0
	2026-01-10T15:34:48.9053019Z,,,0
	2026-01-10T15:34:48.9119742Z,sent 345 bytes  received 31 bytes  752.00 bytes/sec,,0
	2026-01-10T15:34:48.9206769Z,total size is 3.70M  speedup is 9&comma;838.81,,0
	2026-01-10T15:34:48.9266347Z,Attempt 1: Rsync for filelist /tmp//splits/split.ac completed with exit code 0,,0
	2026-01-10T15:34:48.9326585Z,,,0
	2026-01-10T15:34:48.9392366Z,Number of files: 6 (reg: 5&comma; dir: 1),,0
	2026-01-10T15:34:48.9447768Z,Number of created files: 0,,0
	2026-01-10T15:34:48.9511560Z,Number of deleted files: 0,,0
	2026-01-10T15:34:48.9619488Z,Number of regular files transferred: 0,,0
	2026-01-10T15:34:48.9703565Z,Total file size: 303.62K bytes,,0
	2026-01-10T15:34:48.9788919Z,Total transferred file size: 0 bytes,,0
	2026-01-10T15:34:48.9927820Z,Literal data: 0 bytes,,0
	2026-01-10T15:34:49.0054938Z,Matched data: 0 bytes,,0
	2026-01-10T15:34:49.0127236Z,File list size: 0,,0
	2026-01-10T15:34:49.0208588Z,File list generation time: 0.001 seconds,,0
	2026-01-10T15:34:49.0269925Z,File list transfer time: 0.000 seconds,,0
	2026-01-10T15:34:49.0335260Z,Total bytes sent: 288,,0
	2026-01-10T15:34:49.0394646Z,Total bytes received: 34,,0
	2026-01-10T15:34:49.0454004Z,,,0
	2026-01-10T15:34:49.0529476Z,sent 288 bytes  received 34 bytes  644.00 bytes/sec,,0
	2026-01-10T15:34:49.0586885Z,total size is 303.62K  speedup is 942.91,,0
	2026-01-10T15:34:49.0651150Z,Attempt 1: Rsync for filelist /tmp//splits/split.ad completed with exit code 0,,0
	2026-01-10T15:34:49.0710640Z,,,0
	2026-01-10T15:34:49.0804861Z,Number of files: 5 (reg: 5),,0
	2026-01-10T15:34:49.0868635Z,Number of created files: 0,,0
	2026-01-10T15:34:49.0940096Z,Number of deleted files: 0,,0
	2026-01-10T15:34:49.0999751Z,Number of regular files transferred: 0,,0
	2026-01-10T15:34:49.1063900Z,Total file size: 1.28M bytes,,0
	2026-01-10T15:34:49.1139135Z,Total transferred file size: 0 bytes,,0
	2026-01-10T15:34:49.1228946Z,Literal data: 0 bytes,,0
	2026-01-10T15:34:49.1357828Z,Matched data: 0 bytes,,0
	2026-01-10T15:34:49.1421541Z,File list size: 0,,0
	2026-01-10T15:34:49.1487837Z,File list generation time: 0.001 seconds,,0
	2026-01-10T15:34:49.1571680Z,File list transfer time: 0.000 seconds,,0
	2026-01-10T15:34:49.1627690Z,Total bytes sent: 262,,0
	2026-01-10T15:34:49.1689308Z,Total bytes received: 31,,0
	2026-01-10T15:34:49.1752213Z,,,0
	2026-01-10T15:34:49.1807172Z,sent 262 bytes  received 31 bytes  586.00 bytes/sec,,0
	2026-01-10T15:34:49.1873580Z,total size is 1.28M  speedup is 4&comma;357.61,,0
	2026-01-10T15:34:49.1937049Z,Attempt 1: Rsync for filelist /tmp//splits/split.ae completed with exit code 0,,0
	2026-01-10T15:34:49.2017983Z,,,0
	2026-01-10T15:34:49.2141746Z,Number of files: 5 (reg: 5),,0
	2026-01-10T15:34:49.2206989Z,Number of created files: 0,,0
	2026-01-10T15:34:49.2306220Z,Number of deleted files: 0,,0
	2026-01-10T15:34:49.2452686Z,Number of regular files transferred: 1,,0
	2026-01-10T15:34:49.2509663Z,Total file size: 1.09M bytes,,0
	2026-01-10T15:34:49.2564594Z,Total transferred file size: 53.76K bytes,,0
	2026-01-10T15:34:49.2621317Z,Literal data: 53.76K bytes,,0
	2026-01-10T15:34:49.2678977Z,Matched data: 0 bytes,,0
	2026-01-10T15:34:49.2735899Z,File list size: 0,,0
	2026-01-10T15:34:49.2789615Z,File list generation time: 0.001 seconds,,0
	2026-01-10T15:34:49.2844289Z,File list transfer time: 0.000 seconds,,0
	2026-01-10T15:34:49.2929776Z,Total bytes sent: 20.16K,,0
	2026-01-10T15:34:49.3016498Z,Total bytes received: 47,,0
	2026-01-10T15:34:49.3096042Z,,,0
	2026-01-10T15:34:49.3153611Z,sent 20.16K bytes  received 47 bytes  40.40K bytes/sec,,0
	2026-01-10T15:34:49.3213061Z,total size is 1.09M  speedup is 53.72,,0
	2026-01-10T15:34:49.3300089Z,Attempt 1: Rsync for filelist /tmp//splits/split.ag completed with exit code 0,,0
	2026-01-10T15:34:49.3359275Z,,,0
	2026-01-10T15:34:49.3417311Z,Number of files: 5 (reg: 5),,0
	2026-01-10T15:34:49.3518695Z,Number of created files: 0,,0
	2026-01-10T15:34:49.3584775Z,Number of deleted files: 0,,0
	2026-01-10T15:34:49.3652993Z,Number of regular files transferred: 1,,0
	2026-01-10T15:34:49.3736413Z,Total file size: 1.88M bytes,,0
	2026-01-10T15:34:49.3793938Z,Total transferred file size: 10.52K bytes,,0
	2026-01-10T15:34:49.3858011Z,Literal data: 10.52K bytes,,0
	2026-01-10T15:34:49.3930782Z,Matched data: 0 bytes,,0
	2026-01-10T15:34:49.3993492Z,File list size: 0,,0
	2026-01-10T15:34:49.4079434Z,File list generation time: 0.001 seconds,,0
	2026-01-10T15:34:49.4147270Z,File list transfer time: 0.000 seconds,,0
	2026-01-10T15:34:49.4204108Z,Total bytes sent: 2.75K,,0
	2026-01-10T15:34:49.4286978Z,Total bytes received: 47,,0
	2026-01-10T15:34:49.4353380Z,,,0
	2026-01-10T15:34:49.4412430Z,sent 2.75K bytes  received 47 bytes  5.60K bytes/sec,,0
	2026-01-10T15:34:49.4471715Z,total size is 1.88M  speedup is 671.85,,0
	2026-01-10T15:34:49.4537318Z,Attempt 1: Rsync for filelist /tmp//splits/split.ab completed with exit code 0,,0
	2026-01-10T15:34:49.4630212Z,,,0
	2026-01-10T15:34:49.4696982Z,Number of files: 5 (reg: 5),,0
	2026-01-10T15:34:49.4750792Z,Number of created files: 0,,0
	2026-01-10T15:34:49.4829555Z,Number of deleted files: 0,,0
	2026-01-10T15:34:49.4910694Z,Number of regular files transferred: 2,,0
	2026-01-10T15:34:49.4967623Z,Total file size: 164.94K bytes,,0
	2026-01-10T15:34:49.5020369Z,Total transferred file size: 110.40K bytes,,0
	2026-01-10T15:34:49.5104173Z,Literal data: 110.40K bytes,,0
	2026-01-10T15:34:49.5162586Z,Matched data: 0 bytes,,0
	2026-01-10T15:34:49.5222642Z,File list size: 0,,0
	2026-01-10T15:34:49.5300225Z,File list generation time: 0.002 seconds,,0
	2026-01-10T15:34:49.5363264Z,File list transfer time: 0.000 seconds,,0
	2026-01-10T15:34:49.5424975Z,Total bytes sent: 52.12K,,0
	2026-01-10T15:34:49.5483799Z,Total bytes received: 63,,0
	2026-01-10T15:34:49.5563334Z,,,0
	2026-01-10T15:34:49.5619850Z,sent 52.12K bytes  received 63 bytes  104.38K bytes/sec,,0
	2026-01-10T15:34:49.5679913Z,total size is 164.94K  speedup is 3.16,,0
	2026-01-10T15:34:49.5737792Z,Attempt 1: Rsync for filelist /tmp//splits/split.af completed with exit code 0,,0
	2026-01-10T15:34:49.5799435Z,Deleting files not present in /tmp/zipdeploy/extracted/ from /home/site/wwwroot/ based on manifest file /home/site/deployments/845a36c1-509c-4cff-a490-328374c2b879/manifest,,0
	2026-01-10T15:34:49.5856122Z,Number of files deleted: 0. See /tmp//rsync_deletion_logs.txt for more details.,,0
	2026-01-10T15:34:49.5912489Z,create new manifest file at /home/site/deployments/ad56a486-de98-42ca-bec1-28bbb2c99733/manifest,,0
	2026-01-10T15:34:49.5988156Z,Completed successfully in 0 seconds,,0
2026-01-10T15:34:49.7091484Z,Running post deployment command(s)...,707c95aa-35f5-4a72-83b0-08aab7b4ca41,0
2026-01-10T15:34:49.8299643Z,Triggering recycle (preview mode disabled).,e726c302-0d85-4999-9efb-9a0dada6ab85,0
2026-01-10T15:34:50.0002162Z,Deployment successful. deployer = Push-Deployer deploymentPath = ZipDeploy. Extract zip.,be870bd2-eb7b-48c9-a268-e07f6125c968,0
