2026-06-25T04:51:28.5417471Z State: Starting, Action: EstablishingSiteNetworks, LastError: , LastErrorTimestamp: 01/01/0001 00:00:00, LastErrorDetails: , Details: , DetailsLevel: INFO
2026-06-25T04:51:29.6222220Z State: Starting, Action: StartingSiteContainers, LastError: , LastErrorTimestamp: 01/01/0001 00:00:00, LastErrorDetails: , Details: , DetailsLevel: INFO
2026-06-25T04:51:29.6224913Z Container start method called.
2026-06-25T04:51:29.6237410Z State: Starting, Action: PullingImage, LastError: , LastErrorTimestamp: 01/01/0001 00:00:00, LastErrorDetails: , Details: Pulling image 10.1.0.4:13209/appsvc/dotnetcore:10.0_20260504.4.tuxprod for pumpkin-api., DetailsLevel: INFO
2026-06-25T04:51:29.6256639Z Establishing network.
2026-06-25T04:51:29.6296415Z Pulling image: appsvc/dotnetcore:10.0_20260504.4.tuxprod.
2026-06-25T04:51:46.2649463Z Image appsvc/dotnetcore:10.0_20260504.4.tuxprod is pulled from registry 10.1.0.4:13209
2026-06-25T04:51:46.2700531Z Container is starting.
2026-06-25T04:51:46.2701766Z State: Starting, Action: MountingVolumes, LastError: , LastErrorTimestamp: 01/01/0001 00:00:00, LastErrorDetails: , Details: Mounting volumes for pumpkin-api., DetailsLevel: INFO
2026-06-25T04:51:46.2703106Z Establishing user namespace if not established already.
2026-06-25T04:51:46.2704581Z Establishing network if not established already.
2026-06-25T04:51:46.2705999Z Mounting volumes.
2026-06-25T04:51:46.2715430Z Nested mountpoint 
2026-06-25T04:51:46.2886381Z Nested mountpoint volatile/logs
2026-06-25T04:51:46.2982430Z Nested mountpoint 
2026-06-25T04:51:46.2989574Z Nested mountpoint 
2026-06-25T04:51:46.2995840Z Nested mountpoint 
2026-06-25T04:51:46.3118225Z Nested mountpoint 
2026-06-25T04:51:46.3294295Z Nested mountpoint 
2026-06-25T04:51:46.3366846Z Nested mountpoint 
2026-06-25T04:51:46.9057111Z State: Starting, Action: CreatingContainer, LastError: , LastErrorTimestamp: 01/01/0001 00:00:00, LastErrorDetails: , Details: Finished pulling container image and mounting volumes for pumpkin-api. Allocatinng the rest of the container resources to finish container creation., DetailsLevel: INFO
2026-06-25T04:51:46.9058400Z Creating container.
2026-06-25T04:51:46.9059579Z Creating pipes for streaming container io.
2026-06-25T04:51:46.9060675Z Creating stdout named pipe at /podr/container/pipe/5b196c2fa702_pumpkin-api/stdout_cde3a1b56a1b4d7288d2844c4029e713.
2026-06-25T04:51:46.9062645Z Successfully created stdout named pipe at: /podr/container/pipe/5b196c2fa702_pumpkin-api/stdout_cde3a1b56a1b4d7288d2844c4029e713.
2026-06-25T04:51:46.9063770Z Opening named pipe /podr/container/pipe/5b196c2fa702_pumpkin-api/stdout_cde3a1b56a1b4d7288d2844c4029e713 for reading in non-blocking mode.
2026-06-25T04:51:46.9065018Z Successfully opened named pipe: /podr/container/pipe/5b196c2fa702_pumpkin-api/stdout_cde3a1b56a1b4d7288d2844c4029e713.
2026-06-25T04:51:46.9387853Z Successfully removed non-blocking flag from /podr/container/pipe/5b196c2fa702_pumpkin-api/stdout_cde3a1b56a1b4d7288d2844c4029e713.
2026-06-25T04:51:46.9389924Z Creating stderr named pipe at /podr/container/pipe/5b196c2fa702_pumpkin-api/stderr_da824810966e48169f0a26fdebd05f78.
2026-06-25T04:51:46.9391776Z Successfully created stderr named pipe at: /podr/container/pipe/5b196c2fa702_pumpkin-api/stderr_da824810966e48169f0a26fdebd05f78.
2026-06-25T04:51:46.9402989Z Opening named pipe /podr/container/pipe/5b196c2fa702_pumpkin-api/stderr_da824810966e48169f0a26fdebd05f78 for reading in non-blocking mode.
2026-06-25T04:51:46.9404665Z Successfully opened named pipe: /podr/container/pipe/5b196c2fa702_pumpkin-api/stderr_da824810966e48169f0a26fdebd05f78.
2026-06-25T04:51:46.9405779Z Successfully removed non-blocking flag from /podr/container/pipe/5b196c2fa702_pumpkin-api/stderr_da824810966e48169f0a26fdebd05f78.
2026-06-25T04:51:46.9407419Z Creating container with image: appsvc/dotnetcore:10.0_20260504.4.tuxprod from registry: 10.1.0.4:13209 and fully qualified image name: 10.1.0.4:13209/appsvc/dotnetcore:10.0_20260504.4.tuxprod
2026-06-25T04:51:47.2297605Z Starting container: 5b196c2fa702_pumpkin-api.
2026-06-25T04:51:47.2580084Z Starting watchers and probes.
2026-06-25T04:51:47.2583386Z Starting metrics collection.
2026-06-25T04:51:47.2584992Z Container is running.
2026-06-25T04:51:47.2585673Z State: Starting, Action: CreatingContainer, LastError: , LastErrorTimestamp: 01/01/0001 00:00:00, LastErrorDetails: , Details: Container pumpkin-api successfully created and is running., DetailsLevel: INFO
2026-06-25T04:51:47.3089363Z Container start method finished after 17686 ms.
2026-06-25T04:51:47.3242368Z State: Starting, Action: InitiatingSiteWarmUpProbe, LastError: , LastErrorTimestamp: 01/01/0001 00:00:00, LastErrorDetails: , Details: Container pumpkin-api successfully created and is running., DetailsLevel: INFO
2026-06-25T04:51:47.3242710Z State: Starting, Action: WaitingForSiteWarmUpProbeSuccess, LastError: , LastErrorTimestamp: 01/01/0001 00:00:00, LastErrorDetails: , Details: Pinging warmup path to ensure container is ready to receive requests., DetailsLevel: INFO
2026-06-25T04:52:09.9591253Z Site startup probe succeeded after 22.6344776 seconds.
2026-06-25T04:52:10.0213404Z State: Starting, Action: WarmUpProbeSucceeded, LastError: , LastErrorTimestamp: 01/01/0001 00:00:00, LastErrorDetails: , Details: Site startup probe succeeded after 22.6344776 seconds., DetailsLevel: INFO
2026-06-25T04:52:10.1545684Z Site is running with deployment version: 3cb8f8bb-9c7f-4835-8584-69ad9b45366c
2026-06-25T04:52:10.1547533Z Site started.
2026-06-25T04:52:10.1548520Z State: Started, Action: None, LastError: , LastErrorTimestamp: 01/01/0001 00:00:00, LastErrorDetails: , Details: Site started at 06/25/2026 04:52:10 (UTC), DetailsLevel: INFO
2026-06-25T04:52:10.1569369Z Site is running with patch version DOTNETCORE-10.0.7
