2026-06-25T02:14:37.4912982Z State: Starting, Action: EstablishingSiteNetworks, LastError: , LastErrorTimestamp: 01/01/0001 00:00:00, LastErrorDetails: , Details: , DetailsLevel: INFO
2026-06-25T02:14:40.1183669Z State: Starting, Action: StartingSiteContainers, LastError: , LastErrorTimestamp: 01/01/0001 00:00:00, LastErrorDetails: , Details: , DetailsLevel: INFO
2026-06-25T02:14:40.1189760Z Container start method called.
2026-06-25T02:14:40.1192065Z State: Starting, Action: PullingImage, LastError: , LastErrorTimestamp: 01/01/0001 00:00:00, LastErrorDetails: , Details: Pulling image 10.1.0.4:13209/appsvc/dotnetcore:10.0_20260504.4.tuxprod for pumpkin-api., DetailsLevel: INFO
2026-06-25T02:14:40.1211308Z Establishing network.
2026-06-25T02:14:40.1231341Z Pulling image: appsvc/dotnetcore:10.0_20260504.4.tuxprod.
2026-06-25T02:14:41.2855188Z Container is starting.
2026-06-25T02:14:41.2856598Z State: Starting, Action: MountingVolumes, LastError: , LastErrorTimestamp: 01/01/0001 00:00:00, LastErrorDetails: , Details: Mounting volumes for pumpkin-api., DetailsLevel: INFO
2026-06-25T02:14:41.2864697Z Establishing user namespace if not established already.
2026-06-25T02:14:41.2867040Z Establishing network if not established already.
2026-06-25T02:14:41.2868860Z Mounting volumes.
2026-06-25T02:14:41.2870980Z Nested mountpoint 
2026-06-25T02:14:41.2924841Z Nested mountpoint volatile/logs
2026-06-25T02:14:41.3334272Z Nested mountpoint 
2026-06-25T02:14:41.3491237Z Nested mountpoint 
2026-06-25T02:14:41.3744719Z Nested mountpoint 
2026-06-25T02:14:41.3870168Z Nested mountpoint 
2026-06-25T02:14:41.4920480Z Nested mountpoint 
2026-06-25T02:14:41.5710715Z Nested mountpoint 
2026-06-25T02:14:44.5716281Z State: Starting, Action: CreatingContainer, LastError: , LastErrorTimestamp: 01/01/0001 00:00:00, LastErrorDetails: , Details: Finished pulling container image and mounting volumes for pumpkin-api. Allocatinng the rest of the container resources to finish container creation., DetailsLevel: INFO
2026-06-25T02:14:44.5753088Z Creating container.
2026-06-25T02:14:44.5755306Z Creating pipes for streaming container io.
2026-06-25T02:14:44.5757039Z Creating stdout named pipe at /podr/container/pipe/2c1c04572b88_pumpkin-api/stdout_6a5af14cb63a4e47949a0a874bd9d965.
2026-06-25T02:14:44.5760104Z Successfully created stdout named pipe at: /podr/container/pipe/2c1c04572b88_pumpkin-api/stdout_6a5af14cb63a4e47949a0a874bd9d965.
2026-06-25T02:14:44.5761556Z Opening named pipe /podr/container/pipe/2c1c04572b88_pumpkin-api/stdout_6a5af14cb63a4e47949a0a874bd9d965 for reading in non-blocking mode.
2026-06-25T02:14:44.5763290Z Successfully opened named pipe: /podr/container/pipe/2c1c04572b88_pumpkin-api/stdout_6a5af14cb63a4e47949a0a874bd9d965.
2026-06-25T02:14:44.5764725Z Successfully removed non-blocking flag from /podr/container/pipe/2c1c04572b88_pumpkin-api/stdout_6a5af14cb63a4e47949a0a874bd9d965.
2026-06-25T02:14:44.5766829Z Creating stderr named pipe at /podr/container/pipe/2c1c04572b88_pumpkin-api/stderr_c4608e84ee1b4f739d005b67b6150f05.
2026-06-25T02:14:44.5768804Z Successfully created stderr named pipe at: /podr/container/pipe/2c1c04572b88_pumpkin-api/stderr_c4608e84ee1b4f739d005b67b6150f05.
2026-06-25T02:14:44.5769966Z Opening named pipe /podr/container/pipe/2c1c04572b88_pumpkin-api/stderr_c4608e84ee1b4f739d005b67b6150f05 for reading in non-blocking mode.
2026-06-25T02:14:44.6058638Z Successfully opened named pipe: /podr/container/pipe/2c1c04572b88_pumpkin-api/stderr_c4608e84ee1b4f739d005b67b6150f05.
2026-06-25T02:14:44.6060822Z Successfully removed non-blocking flag from /podr/container/pipe/2c1c04572b88_pumpkin-api/stderr_c4608e84ee1b4f739d005b67b6150f05.
2026-06-25T02:14:44.6954932Z Creating container with image: appsvc/dotnetcore:10.0_20260504.4.tuxprod from registry: 10.1.0.6:13209 and fully qualified image name: 10.1.0.6:13209/appsvc/dotnetcore:10.0_20260504.4.tuxprod
2026-06-25T02:14:47.7217877Z Starting container: 2c1c04572b88_pumpkin-api.
2026-06-25T02:14:48.6502397Z Starting watchers and probes.
2026-06-25T02:14:48.6784148Z Starting metrics collection.
2026-06-25T02:14:48.6795933Z Container is running.
2026-06-25T02:14:48.6808676Z State: Starting, Action: CreatingContainer, LastError: , LastErrorTimestamp: 01/01/0001 00:00:00, LastErrorDetails: , Details: Container pumpkin-api successfully created and is running., DetailsLevel: INFO
2026-06-25T02:14:48.8610400Z Container start method finished after 8741 ms.
2026-06-25T02:14:48.8613352Z State: Starting, Action: InitiatingSiteWarmUpProbe, LastError: , LastErrorTimestamp: 01/01/0001 00:00:00, LastErrorDetails: , Details: Container pumpkin-api successfully created and is running., DetailsLevel: INFO
2026-06-25T02:14:48.8613694Z State: Starting, Action: WaitingForSiteWarmUpProbeSuccess, LastError: , LastErrorTimestamp: 01/01/0001 00:00:00, LastErrorDetails: , Details: Pinging warmup path to ensure container is ready to receive requests., DetailsLevel: INFO
2026-06-25T02:15:27.5015739Z Site startup probe succeeded after 38.6397852 seconds.
2026-06-25T02:15:27.6186399Z State: Starting, Action: WarmUpProbeSucceeded, LastError: , LastErrorTimestamp: 01/01/0001 00:00:00, LastErrorDetails: , Details: Site startup probe succeeded after 38.6397852 seconds., DetailsLevel: INFO
2026-06-25T02:15:27.8697488Z Site is running with deployment version: 3cb8f8bb-9c7f-4835-8584-69ad9b45366c
2026-06-25T02:15:27.8700491Z Site started.
2026-06-25T02:15:27.8701511Z State: Started, Action: None, LastError: , LastErrorTimestamp: 01/01/0001 00:00:00, LastErrorDetails: , Details: Site started at 06/25/2026 02:15:27 (UTC), DetailsLevel: INFO
2026-06-25T02:15:27.8704204Z Site is running with patch version DOTNETCORE-10.0.7
