2026-07-02T20:42:17.4895184Z,Updating submodules.,0bb97fcd-9efa-4965-bc3e-7120ee472f19,0
2026-07-02T20:42:18.6452770Z,Preparing deployment for commit id '9dad86ab-f'.,2cc89ee4-d858-438a-afeb-3bd944f0e6a8,0
2026-07-02T20:42:19.0019088Z,PreDeployment: context.CleanOutputPath False,444e8fd7-38cd-4e2e-aa08-c8915348938a,0
2026-07-02T20:42:19.1244237Z,PreDeployment: context.OutputPath /home/site/wwwroot,71b84b77-1727-44bb-ba9c-229ac2a217bc,0
2026-07-02T20:42:19.2691864Z,Generating deployment script.,b91f9bd9-b76d-4518-8b20-c0c496a815c6,0
2026-07-02T20:42:19.3872612Z,Running deployment command...,e75d5be5-2dd3-425d-8298-a9e6b97c11ce,0
	2026-07-02T20:42:19.3924079Z,Command: /opt/Kudu/Scripts/parallel_rsync.sh /tmp/zipdeploy/extracted /home/site/wwwroot 8 /tmp/ False True  ,,0
	2026-07-02T20:42:20.3175914Z,Run rsync from: /tmp/zipdeploy/extracted/ to: /home/site/wwwroot/ in 8 parallel threads,,0
	2026-07-02T20:42:20.3425798Z,Delete options: clean=False&comma; use manifest=True&comma; directory to ignore=,,0
	2026-07-02T20:42:20.3520956Z,Prev manifest = /home/site/deployments/3cb8f8bb-9c7f-4835-8584-69ad9b45366c/manifest and next /home/site/deployments/9dad86ab-fbe6-49df-80d7-292eb1f3fb30/manifest,,0
	2026-07-02T20:42:20.3612459Z,Cleaning up /tmp//filelist.txt and /tmp//splits,,0
	2026-07-02T20:42:20.3719020Z,Creating a list of all files at /tmp//filelist.txt,,0
	2026-07-02T20:42:20.3821739Z,No directory to exclude.,,0
	2026-07-02T20:42:20.3924250Z,Created /tmp//filelist.txt. Total number of files to be synced = 1585.,,0
	2026-07-02T20:42:20.4039941Z,Created batches from the list of files. Processing 199 files in each thread,,0
	2026-07-02T20:42:20.4109642Z,Running rsync for filelist /tmp//splits/split.aa from /tmp/zipdeploy/extracted/ to /home/site/wwwroot/,,0
	2026-07-02T20:42:20.4197439Z,Running rsync for filelist /tmp//splits/split.ab from /tmp/zipdeploy/extracted/ to /home/site/wwwroot/,,0
	2026-07-02T20:42:20.4291766Z,Running rsync for filelist /tmp//splits/split.ac from /tmp/zipdeploy/extracted/ to /home/site/wwwroot/,,0
	2026-07-02T20:42:20.4374281Z,Running rsync for filelist /tmp//splits/split.ad from /tmp/zipdeploy/extracted/ to /home/site/wwwroot/,,0
	2026-07-02T20:42:20.4466284Z,Running rsync for filelist /tmp//splits/split.ae from /tmp/zipdeploy/extracted/ to /home/site/wwwroot/,,0
	2026-07-02T20:42:20.4561361Z,Running rsync for filelist /tmp//splits/split.af from /tmp/zipdeploy/extracted/ to /home/site/wwwroot/,,0
	2026-07-02T20:42:20.4637160Z,Running rsync for filelist /tmp//splits/split.ag from /tmp/zipdeploy/extracted/ to /home/site/wwwroot/,,0
	2026-07-02T20:42:20.4717907Z,Running rsync for filelist /tmp//splits/split.ah from /tmp/zipdeploy/extracted/ to /home/site/wwwroot/,,0
	2026-07-02T20:42:50.9514067Z,,,0
	2026-07-02T20:42:51.0050982Z,Number of files: 227 (reg: 199&comma; dir: 28),,0
	2026-07-02T20:42:51.0162348Z,Number of created files: 217 (reg: 198&comma; dir: 19),,0
	2026-07-02T20:42:51.0351213Z,Number of deleted files: 0,,0
	2026-07-02T20:42:51.0697747Z,Number of regular files transferred: 198,,0
	2026-07-02T20:42:51.0759835Z,Total file size: 2.60M bytes,,0
	2026-07-02T20:42:51.0935976Z,Total transferred file size: 2.60M bytes,,0
	2026-07-02T20:42:51.1102464Z,Literal data: 2.60M bytes,,0
	2026-07-02T20:42:51.1348899Z,Matched data: 0 bytes,,0
	2026-07-02T20:42:51.1451230Z,File list size: 0,,0
	2026-07-02T20:42:51.1654119Z,File list generation time: 0.363 seconds,,0
	2026-07-02T20:42:51.1752237Z,File list transfer time: 0.000 seconds,,0
	2026-07-02T20:42:51.1870835Z,Total bytes sent: 434.39K,,0
	2026-07-02T20:42:51.2089602Z,Total bytes received: 3.86K,,0
	2026-07-02T20:42:51.2244746Z,,,0
	2026-07-02T20:42:51.2476128Z,sent 434.39K bytes  received 3.86K bytes  13.91K bytes/sec,,0
	2026-07-02T20:42:51.2623897Z,total size is 2.60M  speedup is 5.93,,0
	2026-07-02T20:42:51.2878577Z,Attempt 1: Rsync for filelist /tmp//splits/split.af completed with exit code 0,,0
	2026-07-02T20:42:51.7626046Z,,,0
	2026-07-02T20:42:51.7921561Z,Number of files: 223 (reg: 192&comma; dir: 31),,0
	2026-07-02T20:42:51.8229683Z,Number of created files: 218 (reg: 192&comma; dir: 26),,0
	2026-07-02T20:42:51.8684735Z,Number of deleted files: 0,,0
	2026-07-02T20:42:51.9021199Z,Number of regular files transferred: 192,,0
	2026-07-02T20:42:51.9273847Z,Total file size: 112.65M bytes,,0
	2026-07-02T20:42:51.9695870Z,Total transferred file size: 112.65M bytes,,0
	2026-07-02T20:42:51.9937593Z,Literal data: 112.65M bytes,,0
	2026-07-02T20:42:52.0078784Z,Matched data: 0 bytes,,0
	2026-07-02T20:42:52.0185383Z,File list size: 0,,0
	2026-07-02T20:42:52.0368692Z,File list generation time: 0.245 seconds,,0
	2026-07-02T20:42:52.0598214Z,File list transfer time: 0.000 seconds,,0
	2026-07-02T20:42:52.0697120Z,Total bytes sent: 33.68M,,0
	2026-07-02T20:42:52.0764119Z,Total bytes received: 3.75K,,0
	2026-07-02T20:42:52.0945226Z,,,0
	2026-07-02T20:42:52.1031694Z,sent 33.68M bytes  received 3.75K bytes  1.04M bytes/sec,,0
	2026-07-02T20:42:52.1102601Z,total size is 112.65M  speedup is 3.34,,0
	2026-07-02T20:42:52.1160078Z,Attempt 1: Rsync for filelist /tmp//splits/split.ah completed with exit code 0,,0
	2026-07-02T20:42:52.1253930Z,,,0
	2026-07-02T20:42:52.1357600Z,Number of files: 220 (reg: 199&comma; dir: 21),,0
	2026-07-02T20:42:52.1972463Z,Number of created files: 215 (reg: 199&comma; dir: 16),,0
	2026-07-02T20:42:52.2347000Z,Number of deleted files: 0,,0
	2026-07-02T20:42:52.2662228Z,Number of regular files transferred: 199,,0
	2026-07-02T20:42:52.2751278Z,Total file size: 2.35M bytes,,0
	2026-07-02T20:42:52.2917820Z,Total transferred file size: 2.35M bytes,,0
	2026-07-02T20:42:52.3213781Z,Literal data: 2.35M bytes,,0
	2026-07-02T20:42:52.3281833Z,Matched data: 0 bytes,,0
	2026-07-02T20:42:52.3505521Z,File list size: 0,,0
	2026-07-02T20:42:52.3697564Z,File list generation time: 0.398 seconds,,0
	2026-07-02T20:42:52.3929389Z,File list transfer time: 0.000 seconds,,0
	2026-07-02T20:42:52.4007448Z,Total bytes sent: 67.54K,,0
	2026-07-02T20:42:52.4065125Z,Total bytes received: 3.86K,,0
	2026-07-02T20:42:52.4273177Z,,,0
	2026-07-02T20:42:52.4371223Z,sent 67.54K bytes  received 3.86K bytes  2.20K bytes/sec,,0
	2026-07-02T20:42:52.4502008Z,total size is 2.35M  speedup is 32.94,,0
	2026-07-02T20:42:52.4561632Z,Attempt 1: Rsync for filelist /tmp//splits/split.ab completed with exit code 0,,0
	2026-07-02T20:42:52.4612683Z,,,0
	2026-07-02T20:42:52.4816461Z,Number of files: 210 (reg: 199&comma; dir: 11),,0
	2026-07-02T20:42:52.4920060Z,Number of created files: 207 (reg: 199&comma; dir: 8),,0
	2026-07-02T20:42:52.5106321Z,Number of deleted files: 0,,0
	2026-07-02T20:42:52.5218577Z,Number of regular files transferred: 199,,0
	2026-07-02T20:42:52.5314482Z,Total file size: 1.56M bytes,,0
	2026-07-02T20:42:52.5416893Z,Total transferred file size: 1.56M bytes,,0
	2026-07-02T20:42:52.5510118Z,Literal data: 1.56M bytes,,0
	2026-07-02T20:42:52.5773019Z,Matched data: 0 bytes,,0
	2026-07-02T20:42:52.5856069Z,File list size: 0,,0
	2026-07-02T20:42:52.5948825Z,File list generation time: 0.349 seconds,,0
	2026-07-02T20:42:52.6241684Z,File list transfer time: 0.000 seconds,,0
	2026-07-02T20:42:52.6301325Z,Total bytes sent: 55.55K,,0
	2026-07-02T20:42:52.6357205Z,Total bytes received: 3.83K,,0
	2026-07-02T20:42:52.6431482Z,,,0
	2026-07-02T20:42:52.6483284Z,sent 55.55K bytes  received 3.83K bytes  1.77K bytes/sec,,0
	2026-07-02T20:42:52.6821845Z,total size is 1.56M  speedup is 26.29,,0
	2026-07-02T20:42:52.6942520Z,Attempt 1: Rsync for filelist /tmp//splits/split.ac completed with exit code 0,,0
	2026-07-02T20:42:52.7075320Z,,,0
	2026-07-02T20:42:52.7169266Z,Number of files: 227 (reg: 199&comma; dir: 28),,0
	2026-07-02T20:42:52.7393934Z,Number of created files: 220 (reg: 196&comma; dir: 24),,0
	2026-07-02T20:42:52.7458003Z,Number of deleted files: 0,,0
	2026-07-02T20:42:52.7538499Z,Number of regular files transferred: 197,,0
	2026-07-02T20:42:52.7592586Z,Total file size: 12.07M bytes,,0
	2026-07-02T20:42:52.7652806Z,Total transferred file size: 12.03M bytes,,0
	2026-07-02T20:42:52.7715911Z,Literal data: 12.03M bytes,,0
	2026-07-02T20:42:52.7801672Z,Matched data: 0 bytes,,0
	2026-07-02T20:42:52.7997119Z,File list size: 0,,0
	2026-07-02T20:42:52.8281587Z,File list generation time: 0.384 seconds,,0
	2026-07-02T20:42:52.8337900Z,File list transfer time: 0.000 seconds,,0
	2026-07-02T20:42:52.8413012Z,Total bytes sent: 1.26M,,0
	2026-07-02T20:42:52.8494273Z,Total bytes received: 3.85K,,0
	2026-07-02T20:42:52.8908217Z,,,0
	2026-07-02T20:42:52.8961052Z,sent 1.26M bytes  received 3.85K bytes  37.59K bytes/sec,,0
	2026-07-02T20:42:52.9019864Z,total size is 12.07M  speedup is 9.58,,0
	2026-07-02T20:42:52.9082278Z,Attempt 1: Rsync for filelist /tmp//splits/split.aa completed with exit code 0,,0
	2026-07-02T20:42:52.9134806Z,,,0
	2026-07-02T20:42:52.9376681Z,Number of files: 210 (reg: 199&comma; dir: 11),,0
	2026-07-02T20:42:52.9744116Z,Number of created files: 208 (reg: 199&comma; dir: 9),,0
	2026-07-02T20:42:52.9825549Z,Number of deleted files: 0,,0
	2026-07-02T20:42:52.9889427Z,Number of regular files transferred: 199,,0
	2026-07-02T20:42:53.0197421Z,Total file size: 1.15M bytes,,0
	2026-07-02T20:42:53.0256602Z,Total transferred file size: 1.15M bytes,,0
	2026-07-02T20:42:53.0338885Z,Literal data: 1.15M bytes,,0
	2026-07-02T20:42:53.0401236Z,Matched data: 0 bytes,,0
	2026-07-02T20:42:53.0458213Z,File list size: 0,,0
	2026-07-02T20:42:53.0511308Z,File list generation time: 0.350 seconds,,0
	2026-07-02T20:42:53.0595993Z,File list transfer time: 0.000 seconds,,0
	2026-07-02T20:42:53.0649631Z,Total bytes sent: 43.97K,,0
	2026-07-02T20:42:53.1148259Z,Total bytes received: 3.83K,,0
	2026-07-02T20:42:53.1443851Z,,,0
	2026-07-02T20:42:53.1533167Z,sent 43.97K bytes  received 3.83K bytes  1.43K bytes/sec,,0
	2026-07-02T20:42:53.1640228Z,total size is 1.15M  speedup is 24.05,,0
	2026-07-02T20:42:53.1760220Z,Attempt 1: Rsync for filelist /tmp//splits/split.ae completed with exit code 0,,0
	2026-07-02T20:42:53.2135193Z,,,0
	2026-07-02T20:42:53.2441314Z,Number of files: 211 (reg: 199&comma; dir: 12),,0
	2026-07-02T20:42:53.2495317Z,Number of created files: 207 (reg: 199&comma; dir: 8),,0
	2026-07-02T20:42:53.2554050Z,Number of deleted files: 0,,0
	2026-07-02T20:42:53.2620542Z,Number of regular files transferred: 199,,0
	2026-07-02T20:42:53.2680333Z,Total file size: 1.73M bytes,,0
	2026-07-02T20:42:53.2736142Z,Total transferred file size: 1.73M bytes,,0
	2026-07-02T20:42:53.2807588Z,Literal data: 1.73M bytes,,0
	2026-07-02T20:42:53.2898846Z,Matched data: 0 bytes,,0
	2026-07-02T20:42:53.2950294Z,File list size: 0,,0
	2026-07-02T20:42:53.3004955Z,File list generation time: 0.392 seconds,,0
	2026-07-02T20:42:53.3173404Z,File list transfer time: 0.000 seconds,,0
	2026-07-02T20:42:53.3268484Z,Total bytes sent: 68.84K,,0
	2026-07-02T20:42:53.3481658Z,Total bytes received: 3.84K,,0
	2026-07-02T20:42:53.3741507Z,,,0
	2026-07-02T20:42:53.3802004Z,sent 68.84K bytes  received 3.84K bytes  2.11K bytes/sec,,0
	2026-07-02T20:42:53.3853533Z,total size is 1.73M  speedup is 23.76,,0
	2026-07-02T20:42:53.3931423Z,Attempt 1: Rsync for filelist /tmp//splits/split.ad completed with exit code 0,,0
	2026-07-02T20:42:55.3441184Z,,,0
	2026-07-02T20:42:55.3569633Z,Number of files: 241 (reg: 199&comma; dir: 42),,0
	2026-07-02T20:42:55.3818787Z,Number of created files: 232 (reg: 197&comma; dir: 35),,0
	2026-07-02T20:42:55.3878758Z,Number of deleted files: 0,,0
	2026-07-02T20:42:55.3931625Z,Number of regular files transferred: 197,,0
	2026-07-02T20:42:55.3982236Z,Total file size: 250.30M bytes,,0
	2026-07-02T20:42:55.4035280Z,Total transferred file size: 250.30M bytes,,0
	2026-07-02T20:42:55.4088295Z,Literal data: 250.30M bytes,,0
	2026-07-02T20:42:55.4142253Z,Matched data: 0 bytes,,0
	2026-07-02T20:42:55.4203267Z,File list size: 0,,0
	2026-07-02T20:42:55.4292105Z,File list generation time: 0.260 seconds,,0
	2026-07-02T20:42:55.4367387Z,File list transfer time: 0.000 seconds,,0
	2026-07-02T20:42:55.4517434Z,Total bytes sent: 200.73M,,0
	2026-07-02T20:42:55.4624361Z,Total bytes received: 3.88K,,0
	2026-07-02T20:42:55.4682022Z,,,0
	2026-07-02T20:42:55.4760831Z,sent 200.73M bytes  received 3.88K bytes  5.50M bytes/sec,,0
	2026-07-02T20:42:55.4811825Z,total size is 250.30M  speedup is 1.25,,0
	2026-07-02T20:42:55.4883625Z,Attempt 1: Rsync for filelist /tmp//splits/split.ag completed with exit code 0,,0
	2026-07-02T20:42:55.4934750Z,Deleting files not present in /tmp/zipdeploy/extracted/ from /home/site/wwwroot/ based on manifest file /home/site/deployments/3cb8f8bb-9c7f-4835-8584-69ad9b45366c/manifest,,0
	2026-07-02T20:42:55.4987644Z,Number of files deleted: 0. See /tmp//rsync_deletion_logs.txt for more details.,,0
	2026-07-02T20:42:55.5041371Z,create new manifest file at /home/site/deployments/9dad86ab-fbe6-49df-80d7-292eb1f3fb30/manifest,,0
	2026-07-02T20:42:55.5096150Z,Completed successfully in 36 seconds,,0
2026-07-02T20:42:55.6174938Z,Running post deployment command(s)...,a7ac2964-c650-49d4-9cd4-74e6ae8f5782,0
2026-07-02T20:42:55.7418955Z,Triggering recycle (preview mode disabled).,28fb7a98-8af7-4c1d-9dc2-c7cd090276a2,0
2026-07-02T20:42:55.8875269Z,Deployment successful. deployer = ms-azuretools-vscode deploymentPath = ZipDeploy. Extract zip.,e5d7c434-00ff-4ab1-9d36-a2d3c8cb1103,0
